utils.import_functions:2022-11-16 23:04:13,632:import_functions.py:import_pbp_participation:2.1685sec:70.8289MB:32.6626MB/s
utils.import_functions:2022-11-16 23:04:35,736:import_functions.py:import_enrich_pbp_data:35.9822sec:600.9499MB:16.7013MB/s
utils.import_functions:2022-11-16 23:04:37,864:import_functions.py:import_players_data:2.0216sec:1.7902MB:0.8855MB/s
utils.import_functions:2022-11-16 23:04:38,493:import_functions.py:import_off_agg_data:41.665sec:0.6889MB:0.0165MB/s
utils.import_functions:2022-11-17 15:16:03,315:import_functions.py:import_pbp_participation:2.1626sec:70.8289MB:32.7517MB/s
utils.import_functions:2022-11-17 15:16:18,539:import_functions.py:import_enrich_pbp_data:28.6328sec:600.9512MB:20.9882MB/s
utils.import_functions:2022-11-17 15:16:20,689:import_functions.py:import_players_data:2.0966sec:1.7956MB:0.8564MB/s
utils.import_functions:2022-11-17 15:16:21,159:import_functions.py:import_off_agg_data:32.7334sec:0.6891MB:0.0211MB/s
utils.import_functions:2022-11-17 15:28:28,962:import_functions.py:import_pbp_participation:1.8425sec:70.8289MB:38.4417MB/s
utils.import_functions:2022-11-17 15:28:43,939:import_functions.py:import_enrich_pbp_data:26.2622sec:600.9512MB:22.8827MB/s
utils.import_functions:2022-11-17 15:29:13,160:import_functions.py:import_players_data:0.9441sec:0.9043MB:0.9578MB/s
utils.import_functions:2022-11-17 15:34:23,317:import_functions.py:participation_expander:309.0676sec:900.1069MB:2.9123MB/s
utils.import_functions:2022-11-17 16:36:01,995:import_functions.py:import_pbp_participation:2.2193sec:70.8289MB:31.915MB/s
utils.import_functions:2022-11-17 16:36:16,722:import_functions.py:import_enrich_pbp_data:28.0332sec:600.6514MB:21.4264MB/s
utils.import_functions:2022-11-17 16:48:33,153:import_functions.py:import_players_data:1.0324sec:0.9043MB:0.8759MB/s
utils.import_functions:2022-11-17 16:53:42,869:import_functions.py:participation_expander:308.5975sec:899.8071MB:2.9158MB/s
utils.import_functions:2022-11-17 17:03:26,852:import_functions.py:import_pbp_participation:2.5121sec:70.8289MB:28.1951MB/s
utils.import_functions:2022-11-17 17:03:42,343:import_functions.py:import_enrich_pbp_data:27.8552sec:600.6514MB:21.5633MB/s
utils.import_functions:2022-11-17 17:03:43,530:import_functions.py:import_players_data:1.0684sec:0.9043MB:0.8464MB/s
utils.import_functions:2022-11-17 17:03:47,193:import_functions.py:participation_expander:2.9159sec:737.1664MB:252.8092MB/s
utils.import_functions:2022-11-17 17:03:59,899:import_functions.py:import_players_data:0.8398sec:0.9043MB:1.0768MB/s
utils.import_functions:2022-11-17 17:04:03,555:import_functions.py:participation_expander:2.7362sec:737.1664MB:269.4125MB/s
utils.import_functions:2022-11-17 22:09:34,419:import_functions.py:import_pbp_participation:2.6689sec:70.8289MB:26.5386MB/s
utils.import_functions:2022-11-17 22:09:58,719:import_functions.py:import_enrich_pbp_data:42.1017sec:600.6514MB:14.2667MB/s
utils.import_functions:2022-11-17 22:10:07,725:import_functions.py:import_players_data:1.5727sec:0.9043MB:0.575MB/s
utils.import_functions:2022-11-17 22:25:57,306:import_functions.py:import_pbp_participation:2.5232sec:70.8289MB:28.0711MB/s
utils.import_functions:2022-11-17 22:26:27,424:import_functions.py:import_enrich_pbp_data:51.7697sec:600.6514MB:11.6024MB/s
utils.import_functions:2022-11-17 22:27:15,692:import_functions.py:import_players_data:1.4946sec:0.9043MB:0.605MB/s
utils.import_functions:2022-11-17 22:42:36,884:import_functions.py:import_pbp_participation:2.7219sec:70.8289MB:26.0219MB/s
utils.import_functions:2022-11-17 22:43:05,562:import_functions.py:import_enrich_pbp_data:44.7938sec:600.6514MB:13.4093MB/s
utils.import_functions:2022-11-17 22:43:11,538:import_functions.py:import_players_data:1.3838sec:0.9043MB:0.6535MB/s
utils.import_functions:2022-11-17 22:50:11,899:import_functions.py:participation_expander:418.0707sec:861.4295MB:2.0605MB/s
utils.import_functions:2022-11-18 15:18:26,677:import_functions.py:import_pbp_participation:2.4653sec:70.9798MB:28.7915MB/s
utils.import_functions:2022-11-18 15:18:56,537:import_functions.py:import_enrich_pbp_data:48.129sec:601.969MB:12.5074MB/s
utils.import_functions:2022-11-18 15:19:54,706:import_functions.py:import_players_data:1.4625sec:0.9043MB:0.6183MB/s
utils.import_functions:2022-11-18 15:23:25,232:import_functions.py:import_pbp_participation:2.7817sec:70.9798MB:25.5167MB/s
utils.import_functions:2022-11-18 15:23:51,212:import_functions.py:import_enrich_pbp_data:43.499sec:601.969MB:13.8387MB/s
utils.import_functions:2022-11-18 15:23:52,532:import_functions.py:import_players_data:1.1317sec:0.9043MB:0.7991MB/s
utils.import_functions:2022-11-18 15:30:55,921:import_functions.py:participation_expander:420.4352sec:863.209MB:2.0531MB/s
utils.import_functions:2022-11-18 15:39:01,399:import_functions.py:import_pbp_participation:2.4162sec:70.9798MB:29.3766MB/s
utils.import_functions:2022-11-18 15:39:27,088:import_functions.py:import_enrich_pbp_data:40.9445sec:601.969MB:14.7021MB/s
utils.import_functions:2022-11-18 15:42:02,620:import_functions.py:import_players_data:1.4451sec:0.9043MB:0.6258MB/s
utils.import_functions:2022-11-18 15:42:08,903:import_functions.py:participation_expander:4.8366sec:709.9326MB:146.7834MB/s
utils.import_functions:2022-11-18 18:48:27,255:import_functions.py:import_pbp_participation:2.7059sec:70.9798MB:26.2315MB/s
utils.import_functions:2022-11-18 18:48:58,013:import_functions.py:import_enrich_pbp_data:48.584sec:601.969MB:12.3903MB/s
utils.import_functions:2022-11-18 18:49:26,620:import_functions.py:import_players_data:1.7309sec:0.9043MB:0.5224MB/s
utils.import_functions:2022-11-18 18:49:33,373:import_functions.py:participation_expander:5.4468sec:709.9326MB:130.3394MB/s
utils.import_functions:2022-11-18 18:52:57,608:import_functions.py:import_pbp_participation:2.1366sec:70.9798MB:33.2209MB/s
utils.import_functions:2022-11-18 18:53:25,171:import_functions.py:import_enrich_pbp_data:42.8979sec:601.969MB:14.0326MB/s
utils.import_functions:2022-11-18 18:53:31,857:import_functions.py:import_players_data:1.2231sec:0.9043MB:0.7394MB/s
utils.import_functions:2022-11-18 18:53:38,440:import_functions.py:participation_expander:4.7207sec:709.9326MB:150.3871MB/s
utils.import_functions:2022-11-18 19:08:23,973:import_functions.py:import_pbp_participation:2.5176sec:70.9798MB:28.1934MB/s
utils.import_functions:2022-11-18 19:08:52,263:import_functions.py:import_enrich_pbp_data:45.9295sec:601.969MB:13.1064MB/s
utils.import_functions:2022-11-18 19:10:20,920:import_functions.py:import_players_data:2.57sec:1.799MB:0.7MB/s
utils.import_functions:2022-11-18 19:18:49,136:import_functions.py:participation_expander:506.2917sec:891.6774MB:1.7612MB/s
utils.import_functions:2022-11-18 19:40:08,321:import_functions.py:import_pbp_participation:2.5101sec:70.9798MB:28.2777MB/s
utils.import_functions:2022-11-18 19:40:31,724:import_functions.py:import_enrich_pbp_data:37.9908sec:601.969MB:15.8451MB/s
utils.import_functions:2022-11-18 19:50:20,000:import_functions.py:participation_expander:3.5071sec:709.9326MB:202.4272MB/s
utils.import_functions:2022-11-18 19:56:25,255:import_functions.py:participation_expander:3.4092sec:709.9326MB:208.2402MB/s
utils.import_functions:2022-11-19 16:02:42,772:import_functions.py:import_pbp_participation:2.1356sec:70.9798MB:33.2365MB/s
utils.import_functions:2022-11-19 16:02:59,480:import_functions.py:import_enrich_pbp_data:34.1926sec:601.9695MB:17.6053MB/s
utils.import_functions:2022-11-19 16:49:35,777:import_functions.py:import_pbp_participation:2.1422sec:70.9798MB:33.1341MB/s
utils.import_functions:2022-11-19 16:49:53,570:import_functions.py:import_enrich_pbp_data:32.223sec:601.9695MB:18.6814MB/s
utils.import_functions:2022-11-19 16:57:14,217:import_functions.py:import_pbp_participation:1.9795sec:70.9798MB:35.8574MB/s
utils.import_functions:2022-11-19 16:57:35,316:import_functions.py:import_enrich_pbp_data:35.5928sec:601.9695MB:16.9127MB/s
utils.import_functions:2022-11-19 17:03:31,806:import_functions.py:import_pbp_participation:2.0152sec:70.9798MB:35.2222MB/s
utils.import_functions:2022-11-19 17:03:49,318:import_functions.py:import_enrich_pbp_data:31.033sec:601.9695MB:19.3977MB/s
utils.import_functions:2022-11-19 17:03:51,088:import_functions.py:import_players_data:1.6552sec:1.8MB:1.0875MB/s
utils.import_functions:2022-11-19 17:03:51,701:import_functions.py:import_off_agg_data:34.9588sec:5.6175MB:0.1607MB/s
utils.import_functions:2022-11-19 18:23:13,480:import_functions.py:import_pbp_participation:2.8759sec:70.9798MB:24.6809MB/s
utils.import_functions:2022-11-19 18:23:39,514:import_functions.py:import_enrich_pbp_data:53.6787sec:601.9695MB:11.2143MB/s
utils.import_functions:2022-11-19 18:23:42,528:import_functions.py:import_players_data:2.8329sec:1.8MB:0.6354MB/s
utils.import_functions:2022-11-19 18:23:43,577:import_functions.py:import_off_agg_data:60.3689sec:5.6175MB:0.0931MB/s
utils.import_functions:2022-11-19 18:24:45,845:import_functions.py:import_pbp_participation:2.8009sec:70.9798MB:25.3418MB/s
utils.import_functions:2022-11-19 18:25:09,700:import_functions.py:import_enrich_pbp_data:42.2907sec:601.9695MB:14.2341MB/s
utils.import_functions:2022-11-19 18:25:12,482:import_functions.py:import_players_data:2.6059sec:1.8MB:0.6907MB/s
utils.import_functions:2022-11-19 18:25:13,258:import_functions.py:import_off_agg_data:48.1256sec:0.6891MB:0.0143MB/s
utils.import_functions:2022-11-19 18:43:32,123:import_functions.py:import_pbp_participation:3.2761sec:70.9798MB:21.6659MB/s
utils.import_functions:2022-11-19 18:43:57,513:import_functions.py:import_enrich_pbp_data:47.3038sec:601.9695MB:12.7256MB/s
utils.import_functions:2022-11-19 18:44:00,278:import_functions.py:import_players_data:2.585sec:1.8MB:0.6963MB/s
utils.import_functions:2022-11-19 18:44:01,180:import_functions.py:import_off_agg_data:53.2833sec:0.6891MB:0.0129MB/s
utils.import_functions:2022-11-19 18:50:07,734:import_functions.py:import_pbp_participation:2.7751sec:70.9798MB:25.5774MB/s
utils.import_functions:2022-11-19 18:50:33,459:import_functions.py:import_enrich_pbp_data:45.5938sec:601.9695MB:13.2029MB/s
utils.import_functions:2022-11-19 18:50:35,779:import_functions.py:import_players_data:2.1274sec:1.8MB:0.8461MB/s
utils.import_functions:2022-11-19 21:10:28,088:import_functions.py:import_pbp_participation:3.6809sec:70.9798MB:19.2833MB/s
utils.import_functions:2022-11-19 21:10:53,030:import_functions.py:import_enrich_pbp_data:47.4302sec:601.9695MB:12.6917MB/s
utils.import_functions:2022-11-19 21:10:56,473:import_functions.py:import_players_data:3.2726sec:1.8MB:0.55MB/s
utils.import_functions:2022-11-19 21:10:57,513:import_functions.py:import_off_agg_data:54.6483sec:0.6891MB:0.0126MB/s
utils.import_functions:2022-11-19 21:15:59,854:import_functions.py:import_pbp_participation:2.5992sec:70.9798MB:27.3083MB/s
utils.import_functions:2022-11-19 21:16:25,059:import_functions.py:import_enrich_pbp_data:48.182sec:601.9695MB:12.4937MB/s
utils.import_functions:2022-11-19 21:16:27,876:import_functions.py:import_players_data:2.6571sec:1.8MB:0.6774MB/s
utils.import_functions:2022-11-19 21:16:29,105:import_functions.py:import_off_agg_data:54.58sec:5.6175MB:0.1029MB/s
utils.import_functions:2022-11-19 21:59:43,560:import_functions.py:import_pbp_participation:2.4911sec:70.9798MB:28.4934MB/s
utils.import_functions:2022-11-19 22:00:13,406:import_functions.py:import_enrich_pbp_data:54.174sec:601.9695MB:11.1118MB/s
utils.import_functions:2022-11-19 22:00:16,342:import_functions.py:import_players_data:2.7619sec:1.8MB:0.6517MB/s
utils.import_functions:2022-11-19 22:00:17,379:import_functions.py:import_off_agg_data:60.7623sec:5.6175MB:0.0925MB/s
utils.import_functions:2022-11-19 22:02:16,503:import_functions.py:import_pbp_participation:2.7863sec:70.9798MB:25.4746MB/s
utils.import_functions:2022-11-19 22:02:42,131:import_functions.py:import_enrich_pbp_data:48.1536sec:601.9695MB:12.501MB/s
utils.import_functions:2022-11-19 22:02:45,032:import_functions.py:import_players_data:2.7103sec:1.8MB:0.6641MB/s
utils.import_functions:2022-11-19 22:02:46,406:import_functions.py:import_off_agg_data:55.01sec:5.9236MB:0.1077MB/s
utils.import_functions:2022-11-19 22:07:47,721:import_functions.py:import_pbp_participation:3.1344sec:70.9798MB:22.6454MB/s
utils.import_functions:2022-11-19 22:08:14,027:import_functions.py:import_enrich_pbp_data:44.2401sec:601.9695MB:13.6069MB/s
utils.import_functions:2022-11-19 22:11:37,241:import_functions.py:participation_expander:4.1956sec:709.9331MB:169.209MB/s
utils.import_functions:2022-11-19 22:12:09,865:import_functions.py:participation_expander:4.093sec:709.9331MB:173.4505MB/s
utils.import_functions:2022-11-19 22:13:10,675:import_functions.py:participation_expander:8.3147sec:709.9331MB:85.3829MB/s
utils.import_functions:2022-11-20 13:43:53,232:import_functions.py:import_pbp_participation:3.0132sec:70.9798MB:23.5563MB/s
utils.import_functions:2022-11-20 13:44:18,557:import_functions.py:import_enrich_pbp_data:45.1624sec:601.9695MB:13.329MB/s
utils.import_functions:2022-11-20 13:44:30,749:import_functions.py:participation_expander:4.6828sec:709.9331MB:151.6044MB/s
utils.import_functions:2022-11-20 13:45:26,481:import_functions.py:import_pbp_participation:3.4011sec:70.9798MB:20.8697MB/s
utils.import_functions:2022-11-20 13:46:00,565:import_functions.py:import_enrich_pbp_data:51.1636sec:601.9695MB:11.7656MB/s
utils.import_functions:2022-11-20 13:46:04,107:import_functions.py:import_players_data:3.3633sec:1.8012MB:0.5355MB/s
utils.import_functions:2022-11-20 13:46:05,454:import_functions.py:import_off_agg_data:58.6209sec:5.9236MB:0.101MB/s
utils.import_functions:2022-11-20 14:14:36,559:import_functions.py:import_pbp_participation:3.4108sec:70.9798MB:20.8103MB/s
utils.import_functions:2022-11-20 14:15:02,823:import_functions.py:import_enrich_pbp_data:50.8129sec:601.9695MB:11.8468MB/s
utils.import_functions:2022-11-20 14:15:05,833:import_functions.py:import_players_data:2.8478sec:1.8012MB:0.6325MB/s
utils.import_functions:2022-11-20 14:15:07,448:import_functions.py:import_off_agg_data:58.2738sec:5.9236MB:0.1017MB/s
utils.import_functions:2022-11-20 21:25:26,216:import_functions.py:import_pbp_participation:3.9139sec:72.2586MB:18.462MB/s
utils.import_functions:2022-11-20 21:25:52,047:import_functions.py:import_enrich_pbp_data:47.1195sec:617.1379MB:13.0973MB/s
utils.import_functions:2022-11-20 21:26:31,655:import_functions.py:participation_expander:4.7438sec:727.4537MB:153.3483MB/s
utils.import_functions:2022-11-21 07:29:31,348:import_functions.py:import_pbp_participation:4.2411sec:72.9277MB:17.1955MB/s
utils.import_functions:2022-11-21 07:30:08,387:import_functions.py:import_enrich_pbp_data:58.6007sec:729.8142MB:12.454MB/s
utils.import_functions:2022-11-21 08:20:56,610:import_functions.py:import_players_data:2.8378sec:1.8012MB:0.6347MB/s
utils.import_functions:2022-11-21 09:27:17,502:import_functions.py:import_players_data:2.4202sec:1.8012MB:0.7442MB/s
utils.import_functions:2022-11-21 09:27:42,934:import_functions.py:import_players_data:1.5759sec:1.8012MB:1.143MB/s
utils.import_functions:2022-11-21 09:29:16,548:import_functions.py:import_pbp_participation:3.6405sec:72.9277MB:20.0323MB/s
utils.import_functions:2022-11-21 09:29:55,142:import_functions.py:import_enrich_pbp_data:59.5457sec:729.8142MB:12.2564MB/s
utils.import_functions:2022-11-21 09:29:57,925:import_functions.py:import_players_data:2.4233sec:1.8012MB:0.7433MB/s
utils.import_functions:2022-11-21 09:29:59,330:import_functions.py:import_off_agg_data:66.654sec:6.0888MB:0.0913MB/s
utils.import_functions:2022-11-21 09:47:01,940:import_functions.py:import_players_data:3.0278sec:1.8012MB:0.5949MB/s
utils.import_functions:2022-11-21 09:53:55,154:import_functions.py:import_players_data:3.1002sec:1.8012MB:0.581MB/s
utils.import_functions:2022-11-21 09:54:20,887:import_functions.py:import_players_data:2.6374sec:1.8012MB:0.6829MB/s
utils.import_functions:2022-11-21 09:54:38,245:import_functions.py:import_players_data:2.3992sec:1.8012MB:0.7508MB/s
utils.import_functions:2022-11-21 18:53:08,184:import_functions.py:import_pbp_participation:2.6564sec:72.9277MB:27.4536MB/s
utils.import_functions:2022-11-21 18:53:45,286:import_functions.py:import_enrich_pbp_data:56.8123sec:740.11MB:13.0273MB/s
utils.import_functions:2022-11-21 18:58:42,804:import_functions.py:import_pbp_participation:2.6029sec:72.9277MB:28.0179MB/s
utils.import_functions:2022-11-21 18:59:19,451:import_functions.py:import_enrich_pbp_data:54.2596sec:740.1099MB:13.6402MB/s
utils.import_functions:2022-11-21 19:23:13,799:import_functions.py:import_pbp_participation:3.2127sec:72.9277MB:22.6998MB/s
utils.import_functions:2022-11-21 19:23:55,452:import_functions.py:import_enrich_pbp_data:65.0901sec:744.5182MB:11.4383MB/s
utils.import_functions:2022-11-21 19:45:34,184:import_functions.py:import_pbp_participation:3.6653sec:72.9277MB:19.8968MB/s
utils.import_functions:2022-11-21 19:46:10,505:import_functions.py:import_enrich_pbp_data:55.4043sec:744.5182MB:13.4379MB/s
utils.import_functions:2022-11-21 19:52:29,143:import_functions.py:import_players_data:2.9423sec:1.8012MB:0.6122MB/s
utils.import_functions:2022-11-21 20:04:05,324:import_functions.py:import_players_data:3.2087sec:1.8012MB:0.5613MB/s
utils.import_functions:2022-11-21 21:42:24,507:import_functions.py:import_pbp_participation:3.0663sec:72.9277MB:23.7836MB/s
utils.import_functions:2022-11-21 21:43:01,666:import_functions.py:import_enrich_pbp_data:56.6131sec:744.5182MB:13.151MB/s
utils.import_functions:2022-11-21 21:43:05,552:import_functions.py:import_players_data:3.5308sec:1.8012MB:0.5101MB/s
utils.import_functions:2022-11-21 21:46:34,705:import_functions.py:import_pbp_participation:2.682sec:72.9277MB:27.1915MB/s
utils.import_functions:2022-11-21 21:47:09,857:import_functions.py:import_enrich_pbp_data:53.2506sec:744.5182MB:13.9814MB/s
utils.import_functions:2022-11-21 21:47:12,852:import_functions.py:import_players_data:2.6581sec:1.8012MB:0.6776MB/s
utils.import_functions:2022-11-21 21:47:24,304:import_functions.py:import_off_agg_data:70.5973sec:2.078MB:0.0294MB/s
utils.import_functions:2022-11-21 21:54:30,544:import_functions.py:import_pbp_participation:3.3366sec:72.9277MB:21.8569MB/s
utils.import_functions:2022-11-21 21:55:07,996:import_functions.py:import_enrich_pbp_data:53.6963sec:744.5182MB:13.8654MB/s
utils.import_functions:2022-11-21 21:55:10,991:import_functions.py:import_players_data:2.6772sec:1.8012MB:0.6728MB/s
utils.import_functions:2022-11-21 21:56:15,621:import_functions.py:import_off_agg_data:124.4372sec:152.4282MB:1.2249MB/s
utils.import_functions:2022-11-21 22:00:11,063:import_functions.py:import_players_data:2.4877sec:1.8012MB:0.724MB/s
utils.import_functions:2022-11-22 09:06:59,370:import_functions.py:import_pbp_participation:3.1962sec:73.084MB:22.8659MB/s
utils.import_functions:2022-11-22 09:07:35,693:import_functions.py:import_enrich_pbp_data:56.9408sec:746.1508MB:13.104MB/s
utils.import_functions:2022-11-22 09:07:39,212:import_functions.py:import_players_data:3.1191sec:1.8012MB:0.5775MB/s
utils.import_functions:2022-11-22 09:07:55,033:import_functions.py:import_off_agg_data:79.186sec:19.0807MB:0.241MB/s
utils.import_functions:2022-11-22 09:30:34,338:import_functions.py:import_pbp_participation:3.9527sec:73.084MB:18.4896MB/s
utils.import_functions:2022-11-22 09:31:11,375:import_functions.py:import_enrich_pbp_data:58.6769sec:746.1508MB:12.7163MB/s
utils.import_functions:2022-11-22 09:57:41,961:import_functions.py:import_pbp_participation:4.0241sec:73.084MB:18.1616MB/s
utils.import_functions:2022-11-22 09:58:28,613:import_functions.py:import_enrich_pbp_data:73.4856sec:746.1508MB:10.1537MB/s
utils.import_functions:2022-11-22 10:00:05,523:import_functions.py:import_pbp_participation:3.1954sec:73.084MB:22.8716MB/s
utils.import_functions:2022-11-22 10:00:41,595:import_functions.py:import_enrich_pbp_data:57.2938sec:746.1508MB:13.0232MB/s
utils.import_functions:2022-11-22 10:00:44,879:import_functions.py:import_players_data:2.9263sec:1.8012MB:0.6155MB/s
utils.import_functions:2022-11-22 10:01:00,275:import_functions.py:import_off_agg_data:79.113sec:19.0807MB:0.2412MB/s
utils.import_functions:2022-11-22 10:16:11,560:import_functions.py:import_pbp_participation:3.4136sec:73.084MB:21.4097MB/s
utils.import_functions:2022-11-22 10:16:51,786:import_functions.py:import_enrich_pbp_data:64.0573sec:746.1508MB:11.6482MB/s
utils.import_functions:2022-11-22 10:16:55,332:import_functions.py:import_players_data:3.1568sec:1.8012MB:0.5706MB/s
utils.import_functions:2022-11-22 10:17:11,600:import_functions.py:import_off_agg_data:86.9139sec:19.0807MB:0.2195MB/s
utils.import_functions:2022-11-22 15:00:20,261:import_functions.py:import_pbp_participation:2.7961sec:73.084MB:26.1378MB/s
utils.import_functions:2022-11-22 15:00:41,805:import_functions.py:import_enrich_pbp_data:38.2557sec:746.77MB:19.5205MB/s
utils.import_functions:2022-11-22 15:00:44,110:import_functions.py:import_players_data:2.0986sec:1.8012MB:0.8583MB/s
utils.import_functions:2022-11-22 15:00:52,928:import_functions.py:import_off_agg_data:51.0733sec:19.0807MB:0.3736MB/s
utils.import_functions:2022-11-22 15:06:51,716:import_functions.py:import_pbp_participation:2.2136sec:73.084MB:33.0159MB/s
utils.import_functions:2022-11-22 15:07:18,942:import_functions.py:import_enrich_pbp_data:40.1013sec:746.77MB:18.6221MB/s
utils.import_functions:2022-11-22 15:37:38,834:import_functions.py:import_pbp_participation:2.2026sec:73.084MB:33.1808MB/s
utils.import_functions:2022-11-22 15:38:01,540:import_functions.py:import_enrich_pbp_data:36.0786sec:747.0796MB:20.707MB/s
utils.import_functions:2022-11-22 15:38:16,866:import_functions.py:import_pbp_participation:1.791sec:73.084MB:40.8063MB/s
utils.import_functions:2022-11-22 15:38:40,147:import_functions.py:import_enrich_pbp_data:36.4587sec:747.0796MB:20.4911MB/s
utils.import_functions:2022-11-22 15:38:42,311:import_functions.py:import_players_data:1.955sec:1.8012MB:0.9213MB/s
utils.import_functions:2022-11-22 15:38:52,480:import_functions.py:import_off_agg_data:50.5935sec:19.0807MB:0.3771MB/s
utils.import_functions:2022-11-22 16:03:03,911:import_functions.py:import_pbp_participation:2.0954sec:73.084MB:34.8783MB/s
utils.import_functions:2022-11-22 16:03:26,008:import_functions.py:import_enrich_pbp_data:35.7145sec:749.9697MB:20.999MB/s
utils.import_functions:2022-11-22 16:03:28,150:import_functions.py:import_players_data:1.9248sec:1.8012MB:0.9358MB/s
utils.import_functions:2022-11-22 16:05:58,472:import_functions.py:import_pbp_participation:2.1653sec:73.084MB:33.7524MB/s
utils.import_functions:2022-11-22 16:06:19,908:import_functions.py:import_enrich_pbp_data:35.6027sec:749.9697MB:21.065MB/s
utils.import_functions:2022-11-22 16:06:21,840:import_functions.py:import_players_data:1.7317sec:1.8012MB:1.0401MB/s
utils.import_functions:2022-11-22 16:06:30,703:import_functions.py:import_off_agg_data:48.0777sec:19.0807MB:0.3969MB/s
utils.import_functions:2022-11-22 16:09:54,203:import_functions.py:import_pbp_participation:2.0002sec:73.084MB:36.5383MB/s
utils.import_functions:2022-11-22 16:10:16,671:import_functions.py:import_enrich_pbp_data:35.0665sec:749.9697MB:21.3871MB/s
utils.import_functions:2022-11-22 16:10:30,181:import_functions.py:import_pbp_participation:1.7493sec:73.084MB:41.779MB/s
utils.import_functions:2022-11-22 16:10:55,885:import_functions.py:import_enrich_pbp_data:36.5583sec:749.9697MB:20.5143MB/s
utils.import_functions:2022-11-22 16:10:58,059:import_functions.py:import_players_data:1.9532sec:1.8012MB:0.9222MB/s
utils.import_functions:2022-11-22 16:11:07,061:import_functions.py:import_off_agg_data:49.5319sec:19.0807MB:0.3852MB/s
utils.import_functions:2022-11-22 16:18:01,677:import_functions.py:import_pbp_participation:1.843sec:73.084MB:39.6549MB/s
utils.import_functions:2022-11-22 16:18:23,281:import_functions.py:import_enrich_pbp_data:33.4604sec:749.9697MB:22.4137MB/s
utils.import_functions:2022-11-22 16:18:25,273:import_functions.py:import_players_data:1.7837sec:1.8012MB:1.0098MB/s
utils.import_functions:2022-11-22 16:18:34,108:import_functions.py:import_off_agg_data:45.9828sec:19.0807MB:0.415MB/s
utils.import_functions:2022-11-22 16:22:35,332:import_functions.py:import_pbp_participation:2.9306sec:73.084MB:24.9382MB/s
utils.import_functions:2022-11-22 16:22:58,128:import_functions.py:import_enrich_pbp_data:37.1088sec:749.9697MB:20.21MB/s
utils.import_functions:2022-11-22 16:26:52,691:import_functions.py:import_pbp_participation:4.0708sec:73.084MB:17.9532MB/s
utils.import_functions:2022-11-22 16:27:14,990:import_functions.py:import_enrich_pbp_data:36.0152sec:749.9697MB:20.8237MB/s
utils.import_functions:2022-11-22 16:27:17,032:import_functions.py:import_players_data:1.8372sec:1.8012MB:0.9804MB/s
utils.import_functions:2022-11-22 16:27:25,784:import_functions.py:import_off_agg_data:48.577sec:19.0807MB:0.3928MB/s
utils.import_functions:2022-11-22 16:31:33,760:import_functions.py:import_pbp_participation:1.6917sec:73.084MB:43.2015MB/s
utils.import_functions:2022-11-22 16:31:56,145:import_functions.py:import_enrich_pbp_data:38.6836sec:749.9697MB:19.3873MB/s
utils.import_functions:2022-11-22 16:36:50,669:import_functions.py:import_pbp_participation:2.0895sec:73.084MB:34.9768MB/s
utils.import_functions:2022-11-22 16:37:12,116:import_functions.py:import_enrich_pbp_data:34.0235sec:749.9697MB:22.0427MB/s
utils.import_functions:2022-11-22 16:37:14,148:import_functions.py:import_players_data:1.8011sec:1.8012MB:1.0001MB/s
utils.import_functions:2022-11-22 16:37:22,974:import_functions.py:import_off_agg_data:46.6582sec:19.0807MB:0.4089MB/s
utils.import_functions:2022-11-22 18:22:13,084:import_functions.py:import_players_data:2.3676sec:1.8012MB:0.7608MB/s
utils.import_functions:2022-11-22 18:22:39,872:import_functions.py:import_pbp_participation:3.3304sec:73.084MB:21.9445MB/s
utils.import_functions:2022-11-22 18:23:02,597:import_functions.py:import_enrich_pbp_data:37.8307sec:749.9697MB:19.8244MB/s
utils.import_functions:2022-11-22 18:28:57,426:import_functions.py:import_players_data:2.1633sec:1.8012MB:0.8326MB/s
utils.import_functions:2022-11-22 18:29:28,849:import_functions.py:import_players_data:1.7445sec:1.8012MB:1.0325MB/s
utils.import_functions:2022-11-22 18:29:51,353:import_functions.py:import_players_data:1.4528sec:1.8012MB:1.2398MB/s
utils.import_functions:2022-11-22 18:30:34,011:import_functions.py:import_players_data:1.6833sec:1.8012MB:1.07MB/s
utils.import_functions:2022-11-22 18:54:49,524:import_functions.py:import_pbp_participation:3.9337sec:73.084MB:18.5789MB/s
utils.import_functions:2022-11-22 18:55:11,916:import_functions.py:import_enrich_pbp_data:37.1403sec:749.9697MB:20.1929MB/s
utils.import_functions:2022-11-22 18:59:25,050:import_functions.py:import_pbp_participation:2.4259sec:73.084MB:30.1266MB/s
utils.import_functions:2022-11-22 19:00:00,582:import_functions.py:import_enrich_pbp_data:57.1947sec:749.9697MB:13.1126MB/s
utils.import_functions:2022-11-22 19:00:34,777:import_functions.py:import_off_agg_data:92.921sec:153.8349MB:1.6555MB/s
utils.import_functions:2022-11-22 19:31:15,593:import_functions.py:import_pbp_participation:2.271sec:73.084MB:32.1814MB/s
utils.import_functions:2022-11-22 19:31:41,659:import_functions.py:import_enrich_pbp_data:40.7518sec:749.9697MB:18.4034MB/s
utils.import_functions:2022-11-22 19:47:19,241:import_functions.py:import_pbp_participation:3.0352sec:73.084MB:24.0788MB/s
utils.import_functions:2022-11-22 19:47:47,018:import_functions.py:import_enrich_pbp_data:40.3115sec:749.9697MB:18.6044MB/s
utils.import_functions:2022-11-22 19:48:32,315:import_functions.py:import_off_agg_data:88.0455sec:161.5085MB:1.8344MB/s
utils.import_functions:2022-11-22 20:05:33,225:import_functions.py:import_pbp_participation:2.1755sec:73.084MB:33.5941MB/s
utils.import_functions:2022-11-22 20:05:55,134:import_functions.py:import_enrich_pbp_data:34.7766sec:749.9697MB:21.5654MB/s
utils.import_functions:2022-11-22 20:06:32,492:import_functions.py:import_off_agg_data:73.6893sec:161.5085MB:2.1917MB/s
utils.import_functions:2022-11-22 20:08:25,644:import_functions.py:import_pbp_participation:1.9527sec:73.084MB:37.4272MB/s
utils.import_functions:2022-11-22 20:08:47,759:import_functions.py:import_enrich_pbp_data:35.0899sec:749.9697MB:21.3728MB/s
utils.import_functions:2022-11-22 20:09:26,880:import_functions.py:import_off_agg_data:75.7225sec:161.5085MB:2.1329MB/s
utils.import_functions:2022-11-22 20:30:50,970:import_functions.py:import_pbp_participation:1.9148sec:73.084MB:38.168MB/s
utils.import_functions:2022-11-22 20:31:14,794:import_functions.py:import_enrich_pbp_data:36.0059sec:749.9697MB:20.8291MB/s
utils.import_functions:2022-11-22 20:38:41,467:import_functions.py:import_pbp_participation:2.161sec:73.084MB:33.8195MB/s
utils.import_functions:2022-11-22 20:39:08,905:import_functions.py:import_enrich_pbp_data:43.0288sec:749.9697MB:17.4295MB/s
utils.import_functions:2022-11-22 20:39:20,199:import_functions.py:import_off_agg_data:56.9264sec:2.2718MB:0.0399MB/s
utils.import_functions:2022-11-24 10:14:05,329:import_functions.py:import_pbp_participation:2.1679sec:73.084MB:33.7119MB/s
utils.import_functions:2022-11-24 10:14:30,159:import_functions.py:import_enrich_pbp_data:38.0572sec:750.6763MB:19.7249MB/s
utils.import_functions:2022-11-24 10:16:58,590:import_functions.py:import_pbp_participation:2.7329sec:73.084MB:26.7423MB/s
utils.import_functions:2022-11-24 10:17:19,942:import_functions.py:import_enrich_pbp_data:36.3022sec:750.6763MB:20.6785MB/s
utils.import_functions:2022-11-24 10:17:29,046:import_functions.py:import_off_agg_data:47.1156sec:2.3843MB:0.0506MB/s
utils.import_functions:2022-11-24 10:39:19,042:import_functions.py:import_pbp_participation:2.3417sec:73.084MB:31.2098MB/s
utils.import_functions:2022-11-24 10:39:40,938:import_functions.py:import_enrich_pbp_data:36.9001sec:751.6051MB:20.3686MB/s
utils.import_functions:2022-11-24 11:11:56,964:import_functions.py:import_pbp_participation:2.5218sec:73.084MB:28.9809MB/s
utils.import_functions:2022-11-24 11:12:21,610:import_functions.py:import_enrich_pbp_data:39.2518sec:751.6051MB:19.1483MB/s
utils.import_functions:2022-11-24 11:15:28,974:import_functions.py:import_pbp_participation:3.1825sec:73.084MB:22.9643MB/s
utils.import_functions:2022-11-24 11:15:51,219:import_functions.py:import_enrich_pbp_data:42.8569sec:751.6051MB:17.5376MB/s
utils.import_functions:2022-11-24 11:27:52,242:import_functions.py:import_pbp_participation:4.4926sec:73.084MB:16.2676MB/s
utils.import_functions:2022-11-24 11:28:15,432:import_functions.py:import_enrich_pbp_data:38.8394sec:751.6051MB:19.3516MB/s
utils.import_functions:2022-11-24 11:30:00,192:import_functions.py:import_pbp_participation:2.0776sec:73.084MB:35.1771MB/s
utils.import_functions:2022-11-24 11:30:21,588:import_functions.py:import_enrich_pbp_data:33.2378sec:751.6051MB:22.613MB/s
utils.import_functions:2022-11-24 11:30:30,450:import_functions.py:import_off_agg_data:43.8074sec:2.4411MB:0.0557MB/s
utils.import_functions:2022-11-24 11:39:55,823:import_functions.py:import_pbp_participation:2.7366sec:73.084MB:26.7061MB/s
utils.import_functions:2022-11-24 11:40:18,788:import_functions.py:import_enrich_pbp_data:37.9638sec:751.6051MB:19.7979MB/s
utils.import_functions:2022-11-24 11:40:34,893:import_functions.py:import_pbp_participation:2.1472sec:73.084MB:34.0369MB/s
utils.import_functions:2022-11-24 11:40:58,300:import_functions.py:import_enrich_pbp_data:36.8267sec:751.6051MB:20.4092MB/s
utils.import_functions:2022-11-24 11:41:08,061:import_functions.py:import_off_agg_data:48.4091sec:2.4411MB:0.0504MB/s
utils.import_functions:2022-11-24 11:54:27,097:import_functions.py:import_pbp_participation:2.4094sec:73.084MB:30.3329MB/s
utils.import_functions:2022-11-24 11:54:48,677:import_functions.py:import_enrich_pbp_data:34.5767sec:751.6051MB:21.7373MB/s
utils.import_functions:2022-11-24 11:54:57,629:import_functions.py:import_off_agg_data:45.2503sec:2.4553MB:0.0543MB/s
utils.import_functions:2022-11-24 11:57:05,776:import_functions.py:import_pbp_participation:2.0866sec:73.084MB:35.0254MB/s
utils.import_functions:2022-11-24 11:57:27,383:import_functions.py:import_enrich_pbp_data:32.9994sec:751.6051MB:22.7763MB/s
utils.import_functions:2022-11-24 11:57:35,991:import_functions.py:import_off_agg_data:43.3279sec:2.4553MB:0.0567MB/s
