utils.pbp_functions:2022-11-16 23:04:25,735:pbp_functions.py:misc_enrich:0.7889sec:595.8537MB:755.2969MB/s
utils.pbp_functions:2022-11-16 23:04:28,164:pbp_functions.py:fantasy_rec_enrich:0.0219sec:597.3526MB:27276.3744MB/s
utils.pbp_functions:2022-11-16 23:04:30,553:pbp_functions.py:fantasy_rush_enrich:0.0269sec:599.1512MB:22273.2788MB/s
utils.pbp_functions:2022-11-16 23:04:32,803:pbp_functions.py:fantasy_pass_enrich:0.0219sec:600.9499MB:27440.6347MB/s
utils.pbp_functions:2022-11-16 23:04:37,986:pbp_functions.py:fantasy_player_off_agg:0.1127sec:0.1386MB:1.2298MB/s
utils.pbp_functions:2022-11-16 23:04:38,175:pbp_functions.py:player_rush_agg:0.1875sec:0.069MB:0.368MB/s
utils.pbp_functions:2022-11-16 23:04:38,432:pbp_functions.py:player_rec_agg:0.2334sec:0.1012MB:0.4336MB/s
utils.pbp_functions:2022-11-17 15:16:12,550:pbp_functions.py:misc_enrich:0.6891sec:595.855MB:864.6858MB/s
utils.pbp_functions:2022-11-17 15:16:13,929:pbp_functions.py:fantasy_rec_enrich:0.0165sec:597.3539MB:36203.2667MB/s
utils.pbp_functions:2022-11-17 15:16:15,452:pbp_functions.py:fantasy_rush_enrich:0.016sec:599.1525MB:37447.0312MB/s
utils.pbp_functions:2022-11-17 15:16:17,054:pbp_functions.py:fantasy_pass_enrich:0.019sec:600.9512MB:31629.0105MB/s
utils.pbp_functions:2022-11-17 15:16:20,770:pbp_functions.py:fantasy_player_off_agg:0.0781sec:0.1386MB:1.7746MB/s
utils.pbp_functions:2022-11-17 15:16:20,923:pbp_functions.py:player_rush_agg:0.1506sec:0.069MB:0.4582MB/s
utils.pbp_functions:2022-11-17 15:16:21,111:pbp_functions.py:player_rec_agg:0.1685sec:0.1012MB:0.6006MB/s
utils.pbp_functions:2022-11-17 15:28:38,079:pbp_functions.py:misc_enrich:0.6882sec:595.855MB:865.8166MB/s
utils.pbp_functions:2022-11-17 15:28:39,524:pbp_functions.py:fantasy_rec_enrich:0.016sec:597.3539MB:37334.6187MB/s
utils.pbp_functions:2022-11-17 15:28:40,912:pbp_functions.py:fantasy_rush_enrich:0.017sec:599.1525MB:35244.2647MB/s
utils.pbp_functions:2022-11-17 15:28:42,429:pbp_functions.py:fantasy_pass_enrich:0.0199sec:600.9512MB:30198.5528MB/s
utils.pbp_functions:2022-11-17 16:36:11,210:pbp_functions.py:misc_enrich:0.6334sec:595.5552MB:940.2513MB/s
utils.pbp_functions:2022-11-17 16:36:12,602:pbp_functions.py:fantasy_rec_enrich:0.017sec:597.0541MB:35120.8294MB/s
utils.pbp_functions:2022-11-17 16:36:13,980:pbp_functions.py:fantasy_rush_enrich:0.0159sec:598.8528MB:37663.6981MB/s
utils.pbp_functions:2022-11-17 16:36:15,348:pbp_functions.py:fantasy_pass_enrich:0.017sec:600.6514MB:35332.4353MB/s
utils.pbp_functions:2022-11-17 17:03:36,305:pbp_functions.py:misc_enrich:0.6674sec:595.5552MB:892.3512MB/s
utils.pbp_functions:2022-11-17 17:03:37,785:pbp_functions.py:fantasy_rec_enrich:0.0179sec:597.0541MB:33354.9777MB/s
utils.pbp_functions:2022-11-17 17:03:39,254:pbp_functions.py:fantasy_rush_enrich:0.017sec:598.8528MB:35226.6353MB/s
utils.pbp_functions:2022-11-17 17:03:40,845:pbp_functions.py:fantasy_pass_enrich:0.0379sec:600.6514MB:15848.3219MB/s
utils.pbp_functions:2022-11-17 22:09:47,933:pbp_functions.py:misc_enrich:0.9091sec:595.5552MB:655.1042MB/s
utils.pbp_functions:2022-11-17 22:09:50,559:pbp_functions.py:fantasy_rec_enrich:0.0345sec:597.0541MB:17305.9159MB/s
utils.pbp_functions:2022-11-17 22:09:53,678:pbp_functions.py:fantasy_rush_enrich:0.0264sec:598.8528MB:22683.8182MB/s
utils.pbp_functions:2022-11-17 22:09:56,372:pbp_functions.py:fantasy_pass_enrich:0.0371sec:600.6514MB:16190.0647MB/s
utils.pbp_functions:2022-11-17 22:26:15,402:pbp_functions.py:misc_enrich:1.2895sec:595.5552MB:461.8497MB/s
utils.pbp_functions:2022-11-17 22:26:19,133:pbp_functions.py:fantasy_rec_enrich:0.0371sec:597.0541MB:16093.1024MB/s
utils.pbp_functions:2022-11-17 22:26:21,924:pbp_functions.py:fantasy_rush_enrich:0.0403sec:598.8528MB:14859.871MB/s
utils.pbp_functions:2022-11-17 22:26:24,906:pbp_functions.py:fantasy_pass_enrich:0.0302sec:600.6514MB:19889.1192MB/s
utils.pbp_functions:2022-11-17 22:42:53,374:pbp_functions.py:misc_enrich:1.3065sec:595.5552MB:455.8402MB/s
utils.pbp_functions:2022-11-17 22:42:56,311:pbp_functions.py:fantasy_rec_enrich:0.0315sec:597.0541MB:18954.0984MB/s
utils.pbp_functions:2022-11-17 22:42:59,544:pbp_functions.py:fantasy_rush_enrich:0.032sec:598.8528MB:18714.15MB/s
utils.pbp_functions:2022-11-17 22:43:02,658:pbp_functions.py:fantasy_pass_enrich:0.0304sec:600.6514MB:19758.2697MB/s
utils.pbp_functions:2022-11-18 15:18:44,839:pbp_functions.py:misc_enrich:1.5289sec:596.8617MB:390.3864MB/s
utils.pbp_functions:2022-11-18 15:18:47,767:pbp_functions.py:fantasy_rec_enrich:0.0293sec:598.3638MB:20421.9727MB/s
utils.pbp_functions:2022-11-18 15:18:50,738:pbp_functions.py:fantasy_rush_enrich:0.0286sec:600.1664MB:20984.8392MB/s
utils.pbp_functions:2022-11-18 15:18:53,755:pbp_functions.py:fantasy_pass_enrich:0.0294sec:601.969MB:20475.1361MB/s
utils.pbp_functions:2022-11-18 15:23:41,015:pbp_functions.py:misc_enrich:1.0358sec:596.8617MB:576.2326MB/s
utils.pbp_functions:2022-11-18 15:23:43,575:pbp_functions.py:fantasy_rec_enrich:0.0266sec:598.3638MB:22494.8797MB/s
utils.pbp_functions:2022-11-18 15:23:46,146:pbp_functions.py:fantasy_rush_enrich:0.032sec:600.1664MB:18755.2MB/s
utils.pbp_functions:2022-11-18 15:23:48,680:pbp_functions.py:fantasy_pass_enrich:0.032sec:601.969MB:18811.5312MB/s
utils.pbp_functions:2022-11-18 15:39:17,064:pbp_functions.py:misc_enrich:1.0691sec:596.8617MB:558.2843MB/s
utils.pbp_functions:2022-11-18 15:39:19,621:pbp_functions.py:fantasy_rec_enrich:0.0293sec:598.3638MB:20421.9727MB/s
utils.pbp_functions:2022-11-18 15:39:22,117:pbp_functions.py:fantasy_rush_enrich:0.028sec:600.1664MB:21434.5143MB/s
utils.pbp_functions:2022-11-18 15:39:24,588:pbp_functions.py:fantasy_pass_enrich:0.0281sec:601.969MB:21422.3843MB/s
utils.pbp_functions:2022-11-18 18:48:44,786:pbp_functions.py:misc_enrich:1.1942sec:596.8617MB:499.8005MB/s
utils.pbp_functions:2022-11-18 18:48:48,089:pbp_functions.py:fantasy_rec_enrich:0.0415sec:598.3638MB:14418.4048MB/s
utils.pbp_functions:2022-11-18 18:48:51,517:pbp_functions.py:fantasy_rush_enrich:0.0327sec:600.1664MB:18353.7125MB/s
utils.pbp_functions:2022-11-18 18:48:54,690:pbp_functions.py:fantasy_pass_enrich:0.0344sec:601.969MB:17499.0988MB/s
utils.pbp_functions:2022-11-18 18:53:14,498:pbp_functions.py:misc_enrich:1.2102sec:596.8617MB:493.1926MB/s
utils.pbp_functions:2022-11-18 18:53:17,131:pbp_functions.py:fantasy_rec_enrich:0.0309sec:598.3638MB:19364.5243MB/s
utils.pbp_functions:2022-11-18 18:53:20,051:pbp_functions.py:fantasy_rush_enrich:0.0314sec:600.1664MB:19113.5796MB/s
utils.pbp_functions:2022-11-18 18:53:22,676:pbp_functions.py:fantasy_pass_enrich:0.028sec:601.969MB:21498.8929MB/s
utils.pbp_functions:2022-11-18 19:08:40,099:pbp_functions.py:misc_enrich:1.0936sec:596.8617MB:545.777MB/s
utils.pbp_functions:2022-11-18 19:08:42,799:pbp_functions.py:fantasy_rec_enrich:0.0329sec:598.3638MB:18187.3495MB/s
utils.pbp_functions:2022-11-18 19:08:45,917:pbp_functions.py:fantasy_rush_enrich:0.0337sec:600.1664MB:17809.092MB/s
utils.pbp_functions:2022-11-18 19:08:48,914:pbp_functions.py:fantasy_pass_enrich:0.0343sec:601.969MB:17550.1166MB/s
utils.pbp_functions:2022-11-18 19:40:22,087:pbp_functions.py:misc_enrich:0.9514sec:596.8617MB:627.351MB/s
utils.pbp_functions:2022-11-18 19:40:24,536:pbp_functions.py:fantasy_rec_enrich:0.0289sec:598.3638MB:20704.6298MB/s
utils.pbp_functions:2022-11-18 19:40:26,768:pbp_functions.py:fantasy_rush_enrich:0.032sec:600.1664MB:18755.2MB/s
utils.pbp_functions:2022-11-18 19:40:29,316:pbp_functions.py:fantasy_pass_enrich:0.028sec:601.969MB:21498.8929MB/s
utils.pbp_functions:2022-11-19 16:02:53,118:pbp_functions.py:misc_enrich:0.7311sec:596.8622MB:816.3893MB/s
utils.pbp_functions:2022-11-19 16:02:54,795:pbp_functions.py:fantasy_rec_enrich:0.019sec:598.3643MB:31492.8579MB/s
utils.pbp_functions:2022-11-19 16:02:56,399:pbp_functions.py:fantasy_rush_enrich:0.021sec:600.1669MB:28579.3762MB/s
utils.pbp_functions:2022-11-19 16:02:57,930:pbp_functions.py:fantasy_pass_enrich:0.0199sec:601.9695MB:30249.7236MB/s
utils.pbp_functions:2022-11-19 16:49:47,016:pbp_functions.py:misc_enrich:0.743sec:596.8622MB:803.3139MB/s
utils.pbp_functions:2022-11-19 16:49:48,604:pbp_functions.py:fantasy_rec_enrich:0.023sec:598.3643MB:26015.8391MB/s
utils.pbp_functions:2022-11-19 16:49:50,299:pbp_functions.py:fantasy_rush_enrich:0.0209sec:600.1669MB:28716.1196MB/s
utils.pbp_functions:2022-11-19 16:49:52,045:pbp_functions.py:fantasy_pass_enrich:0.0219sec:601.9695MB:27487.1918MB/s
utils.pbp_functions:2022-11-19 16:57:27,299:pbp_functions.py:misc_enrich:1.1873sec:596.8622MB:502.7055MB/s
utils.pbp_functions:2022-11-19 16:57:30,560:pbp_functions.py:fantasy_rec_enrich:0.0189sec:598.3643MB:31659.4868MB/s
utils.pbp_functions:2022-11-19 16:57:32,150:pbp_functions.py:fantasy_rush_enrich:0.0199sec:600.1669MB:30159.1407MB/s
utils.pbp_functions:2022-11-19 16:57:33,745:pbp_functions.py:fantasy_pass_enrich:0.0189sec:601.9695MB:31850.2381MB/s
utils.pbp_functions:2022-11-19 17:03:42,937:pbp_functions.py:misc_enrich:0.7485sec:596.8622MB:797.4111MB/s
utils.pbp_functions:2022-11-19 17:03:44,603:pbp_functions.py:fantasy_rec_enrich:0.0219sec:598.3643MB:27322.5708MB/s
utils.pbp_functions:2022-11-19 17:03:46,209:pbp_functions.py:fantasy_rush_enrich:0.0199sec:600.1669MB:30159.1407MB/s
utils.pbp_functions:2022-11-19 17:03:47,759:pbp_functions.py:fantasy_pass_enrich:0.0189sec:601.9695MB:31850.2381MB/s
utils.pbp_functions:2022-11-19 17:03:51,217:pbp_functions.py:fantasy_player_off_agg:0.1244sec:1.5858MB:12.7476MB/s
utils.pbp_functions:2022-11-19 17:03:51,387:pbp_functions.py:player_rush_agg:0.1675sec:0.5638MB:3.366MB/s
utils.pbp_functions:2022-11-19 17:03:51,629:pbp_functions.py:player_rec_agg:0.2094sec:1.1952MB:5.7077MB/s
utils.pbp_functions:2022-11-19 18:23:29,088:pbp_functions.py:misc_enrich:1.2513sec:596.8622MB:476.9937MB/s
utils.pbp_functions:2022-11-19 18:23:31,928:pbp_functions.py:fantasy_rec_enrich:0.0376sec:598.3643MB:15913.9441MB/s
utils.pbp_functions:2022-11-19 18:23:34,389:pbp_functions.py:fantasy_rush_enrich:0.0312sec:600.1669MB:19236.1186MB/s
utils.pbp_functions:2022-11-19 18:23:36,863:pbp_functions.py:fantasy_pass_enrich:0.0202sec:601.9695MB:29800.4703MB/s
utils.pbp_functions:2022-11-19 18:23:42,760:pbp_functions.py:fantasy_player_off_agg:0.2294sec:1.5858MB:6.9128MB/s
utils.pbp_functions:2022-11-19 18:23:43,079:pbp_functions.py:player_rush_agg:0.3143sec:0.5638MB:1.7938MB/s
utils.pbp_functions:2022-11-19 18:23:43,450:pbp_functions.py:player_rec_agg:0.3239sec:1.1952MB:3.69MB/s
utils.pbp_functions:2022-11-19 18:24:59,813:pbp_functions.py:misc_enrich:1.1631sec:596.8622MB:513.165MB/s
utils.pbp_functions:2022-11-19 18:25:02,469:pbp_functions.py:fantasy_rec_enrich:0.034sec:598.3643MB:17598.95MB/s
utils.pbp_functions:2022-11-19 18:25:04,885:pbp_functions.py:fantasy_rush_enrich:0.0336sec:600.1669MB:17862.1101MB/s
utils.pbp_functions:2022-11-19 18:25:07,415:pbp_functions.py:fantasy_pass_enrich:0.0231sec:601.9695MB:26059.2857MB/s
utils.pbp_functions:2022-11-19 18:25:12,606:pbp_functions.py:fantasy_player_off_agg:0.1131sec:0.1386MB:1.2255MB/s
utils.pbp_functions:2022-11-19 18:25:12,883:pbp_functions.py:player_rush_agg:0.2762sec:0.069MB:0.2498MB/s
utils.pbp_functions:2022-11-19 18:25:13,187:pbp_functions.py:player_rec_agg:0.272sec:0.1012MB:0.3721MB/s
utils.pbp_functions:2022-11-19 18:43:46,968:pbp_functions.py:misc_enrich:1.0423sec:596.8622MB:572.6395MB/s
utils.pbp_functions:2022-11-19 18:43:49,667:pbp_functions.py:fantasy_rec_enrich:0.0316sec:598.3643MB:18935.5791MB/s
utils.pbp_functions:2022-11-19 18:43:52,118:pbp_functions.py:fantasy_rush_enrich:0.0205sec:600.1669MB:29276.4341MB/s
utils.pbp_functions:2022-11-19 18:43:55,194:pbp_functions.py:fantasy_pass_enrich:0.0336sec:601.9695MB:17915.7589MB/s
utils.pbp_functions:2022-11-19 18:44:00,424:pbp_functions.py:fantasy_player_off_agg:0.1329sec:0.1386MB:1.0429MB/s
utils.pbp_functions:2022-11-19 18:44:00,726:pbp_functions.py:player_rush_agg:0.3026sec:0.069MB:0.228MB/s
utils.pbp_functions:2022-11-19 18:44:01,085:pbp_functions.py:player_rec_agg:0.3173sec:0.1012MB:0.3189MB/s
utils.pbp_functions:2022-11-19 18:50:23,202:pbp_functions.py:misc_enrich:1.0594sec:596.8622MB:563.3965MB/s
utils.pbp_functions:2022-11-19 18:50:25,812:pbp_functions.py:fantasy_rec_enrich:0.0369sec:598.3643MB:16215.8347MB/s
utils.pbp_functions:2022-11-19 18:50:28,345:pbp_functions.py:fantasy_rush_enrich:0.0338sec:600.1669MB:17756.4172MB/s
utils.pbp_functions:2022-11-19 18:50:30,912:pbp_functions.py:fantasy_pass_enrich:0.0275sec:601.9695MB:21889.8MB/s
utils.pbp_functions:2022-11-19 21:10:43,053:pbp_functions.py:misc_enrich:1.1601sec:596.8622MB:514.492MB/s
utils.pbp_functions:2022-11-19 21:10:45,219:pbp_functions.py:fantasy_rec_enrich:0.0327sec:598.3643MB:18298.6024MB/s
utils.pbp_functions:2022-11-19 21:10:47,840:pbp_functions.py:fantasy_rush_enrich:0.0312sec:600.1669MB:19236.1186MB/s
utils.pbp_functions:2022-11-19 21:10:50,291:pbp_functions.py:fantasy_pass_enrich:0.0345sec:601.9695MB:17448.3913MB/s
utils.pbp_functions:2022-11-19 21:10:56,847:pbp_functions.py:fantasy_player_off_agg:0.3588sec:0.1386MB:0.3863MB/s
utils.pbp_functions:2022-11-19 21:10:57,088:pbp_functions.py:player_rush_agg:0.2413sec:0.069MB:0.286MB/s
utils.pbp_functions:2022-11-19 21:10:57,427:pbp_functions.py:player_rec_agg:0.3058sec:0.1012MB:0.3309MB/s
utils.pbp_functions:2022-11-19 21:12:02,780:pbp_functions.py:off_agg_enrich:0.0755sec:0.7325MB:9.702MB/s
utils.pbp_functions:2022-11-19 21:16:15,355:pbp_functions.py:misc_enrich:1.1955sec:596.8622MB:499.2574MB/s
utils.pbp_functions:2022-11-19 21:16:17,675:pbp_functions.py:fantasy_rec_enrich:0.032sec:598.3643MB:18698.8844MB/s
utils.pbp_functions:2022-11-19 21:16:20,156:pbp_functions.py:fantasy_rush_enrich:0.032sec:600.1669MB:18755.2156MB/s
utils.pbp_functions:2022-11-19 21:16:22,685:pbp_functions.py:fantasy_pass_enrich:0.0327sec:601.9695MB:18408.8532MB/s
utils.pbp_functions:2022-11-19 21:16:28,259:pbp_functions.py:fantasy_player_off_agg:0.3679sec:1.5858MB:4.3104MB/s
utils.pbp_functions:2022-11-19 21:16:28,596:pbp_functions.py:player_rush_agg:0.3332sec:0.5638MB:1.6921MB/s
utils.pbp_functions:2022-11-19 21:16:28,989:pbp_functions.py:player_rec_agg:0.3304sec:1.1952MB:3.6174MB/s
utils.pbp_functions:2022-11-19 22:00:02,725:pbp_functions.py:misc_enrich:1.5834sec:596.8622MB:376.9497MB/s
utils.pbp_functions:2022-11-19 22:00:05,261:pbp_functions.py:fantasy_rec_enrich:0.0808sec:598.3643MB:7405.4988MB/s
utils.pbp_functions:2022-11-19 22:00:07,828:pbp_functions.py:fantasy_rush_enrich:0.028sec:600.1669MB:21434.5321MB/s
utils.pbp_functions:2022-11-19 22:00:10,769:pbp_functions.py:fantasy_pass_enrich:0.0287sec:601.9695MB:20974.547MB/s
utils.pbp_functions:2022-11-19 22:00:16,569:pbp_functions.py:fantasy_player_off_agg:0.2182sec:1.5858MB:7.2676MB/s
utils.pbp_functions:2022-11-19 22:00:16,874:pbp_functions.py:player_rush_agg:0.3053sec:0.5638MB:1.8467MB/s
utils.pbp_functions:2022-11-19 22:00:17,257:pbp_functions.py:player_rec_agg:0.3365sec:1.1952MB:3.5519MB/s
utils.pbp_functions:2022-11-19 22:02:31,374:pbp_functions.py:misc_enrich:1.1735sec:596.8622MB:508.6171MB/s
utils.pbp_functions:2022-11-19 22:02:34,236:pbp_functions.py:fantasy_rec_enrich:0.0185sec:598.3643MB:32344.0162MB/s
utils.pbp_functions:2022-11-19 22:02:36,835:pbp_functions.py:fantasy_rush_enrich:0.0382sec:600.1669MB:15711.1754MB/s
utils.pbp_functions:2022-11-19 22:02:39,528:pbp_functions.py:fantasy_pass_enrich:0.0233sec:601.9695MB:25835.6009MB/s
utils.pbp_functions:2022-11-19 22:02:45,518:pbp_functions.py:fantasy_player_off_agg:0.4613sec:1.5858MB:3.4377MB/s
utils.pbp_functions:2022-11-19 22:02:45,812:pbp_functions.py:player_rush_agg:0.2923sec:0.5638MB:1.9288MB/s
utils.pbp_functions:2022-11-19 22:02:46,181:pbp_functions.py:player_rec_agg:0.3332sec:1.1952MB:3.587MB/s
utils.pbp_functions:2022-11-19 22:02:46,385:pbp_functions.py:off_agg_enrich:0.0897sec:5.9236MB:66.0379MB/s
utils.pbp_functions:2022-11-19 22:08:03,311:pbp_functions.py:misc_enrich:1.1774sec:596.8622MB:506.9324MB/s
utils.pbp_functions:2022-11-19 22:08:05,877:pbp_functions.py:fantasy_rec_enrich:0.0326sec:598.3643MB:18354.7331MB/s
utils.pbp_functions:2022-11-19 22:08:08,402:pbp_functions.py:fantasy_rush_enrich:0.0281sec:600.1669MB:21358.2527MB/s
utils.pbp_functions:2022-11-19 22:08:11,341:pbp_functions.py:fantasy_pass_enrich:0.0321sec:601.9695MB:18752.9439MB/s
utils.pbp_functions:2022-11-20 13:44:08,296:pbp_functions.py:misc_enrich:1.1399sec:596.8622MB:523.6093MB/s
utils.pbp_functions:2022-11-20 13:44:10,931:pbp_functions.py:fantasy_rec_enrich:0.0319sec:598.3643MB:18757.5016MB/s
utils.pbp_functions:2022-11-20 13:44:13,386:pbp_functions.py:fantasy_rush_enrich:0.0357sec:600.1669MB:16811.3978MB/s
utils.pbp_functions:2022-11-20 13:44:15,884:pbp_functions.py:fantasy_pass_enrich:0.0308sec:601.9695MB:19544.4643MB/s
utils.pbp_functions:2022-11-20 13:45:44,146:pbp_functions.py:misc_enrich:1.1721sec:596.8622MB:509.2246MB/s
utils.pbp_functions:2022-11-20 13:45:46,645:pbp_functions.py:fantasy_rec_enrich:0.0216sec:598.3643MB:27702.0509MB/s
utils.pbp_functions:2022-11-20 13:45:49,646:pbp_functions.py:fantasy_rush_enrich:0.027sec:600.1669MB:22228.4037MB/s
utils.pbp_functions:2022-11-20 13:45:57,978:pbp_functions.py:fantasy_pass_enrich:0.0408sec:601.9695MB:14754.1544MB/s
utils.pbp_functions:2022-11-20 13:46:04,370:pbp_functions.py:fantasy_player_off_agg:0.2479sec:1.5858MB:6.3969MB/s
utils.pbp_functions:2022-11-20 13:46:04,776:pbp_functions.py:player_rush_agg:0.4sec:0.5638MB:1.4095MB/s
utils.pbp_functions:2022-11-20 13:46:05,214:pbp_functions.py:player_rec_agg:0.3916sec:1.1952MB:3.0521MB/s
utils.pbp_functions:2022-11-20 13:46:05,435:pbp_functions.py:off_agg_enrich:0.0918sec:5.9236MB:64.5272MB/s
utils.pbp_functions:2022-11-20 14:14:51,898:pbp_functions.py:misc_enrich:1.2539sec:596.8622MB:476.0046MB/s
utils.pbp_functions:2022-11-20 14:14:54,808:pbp_functions.py:fantasy_rec_enrich:0.0257sec:598.3643MB:23282.6576MB/s
utils.pbp_functions:2022-11-20 14:14:57,402:pbp_functions.py:fantasy_rush_enrich:0.0417sec:600.1669MB:14392.4916MB/s
utils.pbp_functions:2022-11-20 14:14:59,958:pbp_functions.py:fantasy_pass_enrich:0.0329sec:601.9695MB:18296.9453MB/s
utils.pbp_functions:2022-11-20 14:15:06,326:pbp_functions.py:fantasy_player_off_agg:0.4723sec:1.5858MB:3.3576MB/s
utils.pbp_functions:2022-11-20 14:15:06,717:pbp_functions.py:player_rush_agg:0.3904sec:0.5638MB:1.4442MB/s
utils.pbp_functions:2022-11-20 14:15:07,199:pbp_functions.py:player_rec_agg:0.4313sec:1.1952MB:2.7712MB/s
utils.pbp_functions:2022-11-20 14:15:07,419:pbp_functions.py:off_agg_enrich:0.0844sec:5.9236MB:70.1848MB/s
utils.pbp_functions:2022-11-20 14:18:56,837:pbp_functions.py:test_off_agg_enrich:0.1011sec:5.9236MB:58.5915MB/s
utils.pbp_functions:2022-11-20 21:25:41,937:pbp_functions.py:misc_enrich:1.1664sec:611.8984MB:524.6043MB/s
utils.pbp_functions:2022-11-20 21:25:44,321:pbp_functions.py:fantasy_rec_enrich:0.0226sec:613.4394MB:27143.3363MB/s
utils.pbp_functions:2022-11-20 21:25:46,380:pbp_functions.py:fantasy_rush_enrich:0.0228sec:615.2886MB:26986.3421MB/s
utils.pbp_functions:2022-11-20 21:25:49,028:pbp_functions.py:fantasy_pass_enrich:0.031sec:617.1379MB:19907.6742MB/s
utils.pbp_functions:2022-11-21 07:29:49,467:pbp_functions.py:participation_expander:3.8704sec:723.9449MB:187.0465MB/s
utils.pbp_functions:2022-11-21 07:29:54,620:pbp_functions.py:misc_enrich:1.5713sec:724.5627MB:461.1231MB/s
utils.pbp_functions:2022-11-21 07:29:59,410:pbp_functions.py:fantasy_rec_enrich:0.0435sec:726.1072MB:16692.1195MB/s
utils.pbp_functions:2022-11-21 07:30:02,371:pbp_functions.py:fantasy_rush_enrich:0.0305sec:727.9607MB:23867.5639MB/s
utils.pbp_functions:2022-11-21 07:30:05,541:pbp_functions.py:fantasy_pass_enrich:0.0302sec:729.8142MB:24166.0331MB/s
utils.pbp_functions:2022-11-21 09:29:37,666:pbp_functions.py:participation_expander:5.5333sec:723.9449MB:130.8342MB/s
utils.pbp_functions:2022-11-21 09:29:42,015:pbp_functions.py:misc_enrich:1.1623sec:724.5627MB:623.387MB/s
utils.pbp_functions:2022-11-21 09:29:45,779:pbp_functions.py:fantasy_rec_enrich:0.0351sec:726.1072MB:20686.8148MB/s
utils.pbp_functions:2022-11-21 09:29:48,783:pbp_functions.py:fantasy_rush_enrich:0.0449sec:727.9607MB:16212.9332MB/s
utils.pbp_functions:2022-11-21 09:29:52,206:pbp_functions.py:fantasy_pass_enrich:0.0387sec:729.8142MB:18858.2481MB/s
utils.pbp_functions:2022-11-21 09:29:58,370:pbp_functions.py:fantasy_player_off_agg:0.4366sec:1.6298MB:3.7329MB/s
utils.pbp_functions:2022-11-21 09:29:58,666:pbp_functions.py:player_rush_agg:0.2915sec:0.5802MB:1.9904MB/s
utils.pbp_functions:2022-11-21 09:29:59,077:pbp_functions.py:player_rec_agg:0.3489sec:1.2292MB:3.5231MB/s
utils.pbp_functions:2022-11-21 09:29:59,311:pbp_functions.py:off_agg_enrich:0.0805sec:6.0888MB:75.6373MB/s
utils.pbp_functions:2022-11-21 18:53:28,959:pbp_functions.py:participation_expander:4.6725sec:723.9449MB:154.9374MB/s
utils.pbp_functions:2022-11-21 18:53:33,219:pbp_functions.py:misc_enrich:1.4411sec:734.8585MB:509.9289MB/s
utils.pbp_functions:2022-11-21 18:53:36,234:pbp_functions.py:fantasy_rec_enrich:0.0293sec:736.4031MB:25133.2116MB/s
utils.pbp_functions:2022-11-21 18:53:39,162:pbp_functions.py:fantasy_rush_enrich:0.0375sec:738.2566MB:19686.8427MB/s
utils.pbp_functions:2022-11-21 18:53:42,294:pbp_functions.py:fantasy_pass_enrich:0.0358sec:740.11MB:20673.4637MB/s
utils.pbp_functions:2022-11-21 18:59:01,513:pbp_functions.py:participation_expander:4.0419sec:723.9449MB:179.11MB/s
utils.pbp_functions:2022-11-21 18:59:06,443:pbp_functions.py:misc_enrich:1.5835sec:734.8584MB:464.0722MB/s
utils.pbp_functions:2022-11-21 18:59:09,709:pbp_functions.py:fantasy_rec_enrich:0.0358sec:736.403MB:20569.9162MB/s
utils.pbp_functions:2022-11-21 18:59:12,911:pbp_functions.py:fantasy_rush_enrich:0.035sec:738.2564MB:21093.04MB/s
utils.pbp_functions:2022-11-21 18:59:16,212:pbp_functions.py:fantasy_pass_enrich:0.0372sec:740.1099MB:19895.4274MB/s
utils.pbp_functions:2022-11-21 19:23:33,505:pbp_functions.py:participation_expander:5.0301sec:723.9449MB:143.9226MB/s
utils.pbp_functions:2022-11-21 19:23:39,813:pbp_functions.py:misc_enrich:1.6736sec:739.2667MB:441.7225MB/s
utils.pbp_functions:2022-11-21 19:23:44,632:pbp_functions.py:fantasy_rec_enrich:0.026sec:740.8112MB:28492.7385MB/s
utils.pbp_functions:2022-11-21 19:23:49,605:pbp_functions.py:fantasy_rush_enrich:0.0534sec:742.6647MB:13907.5787MB/s
utils.pbp_functions:2022-11-21 19:23:52,418:pbp_functions.py:fantasy_pass_enrich:0.0322sec:744.5182MB:23121.6832MB/s
utils.pbp_functions:2022-11-21 19:45:52,641:pbp_functions.py:participation_expander:4.1899sec:723.9449MB:172.7833MB/s
utils.pbp_functions:2022-11-21 19:45:58,066:pbp_functions.py:misc_enrich:1.9388sec:739.2667MB:381.3012MB/s
utils.pbp_functions:2022-11-21 19:46:01,152:pbp_functions.py:fantasy_rec_enrich:0.0325sec:740.8112MB:22794.1908MB/s
utils.pbp_functions:2022-11-21 19:46:04,340:pbp_functions.py:fantasy_rush_enrich:0.0372sec:742.6647MB:19964.1048MB/s
utils.pbp_functions:2022-11-21 19:46:07,352:pbp_functions.py:fantasy_pass_enrich:0.0386sec:744.5182MB:19288.0363MB/s
utils.pbp_functions:2022-11-21 19:47:38,488:pbp_functions.py:snap_counter:10.2511sec:885.8531MB:86.4154MB/s
utils.pbp_functions:2022-11-21 19:52:41,542:pbp_functions.py:snap_counter:10.0263sec:885.8531MB:88.3529MB/s
utils.pbp_functions:2022-11-21 20:04:39,498:pbp_functions.py:snap_counter:32.0787sec:885.8531MB:27.615MB/s
utils.pbp_functions:2022-11-21 21:42:43,817:pbp_functions.py:participation_expander:3.9746sec:723.9449MB:182.1428MB/s
utils.pbp_functions:2022-11-21 21:42:49,713:pbp_functions.py:misc_enrich:1.503sec:739.2667MB:491.8607MB/s
utils.pbp_functions:2022-11-21 21:42:52,410:pbp_functions.py:fantasy_rec_enrich:0.0445sec:740.8112MB:16647.4427MB/s
utils.pbp_functions:2022-11-21 21:42:55,669:pbp_functions.py:fantasy_rush_enrich:0.026sec:742.6647MB:28564.0269MB/s
utils.pbp_functions:2022-11-21 21:42:58,680:pbp_functions.py:fantasy_pass_enrich:0.0353sec:744.5182MB:21091.1671MB/s
utils.pbp_functions:2022-11-21 21:43:05,724:pbp_functions.py:fantasy_player_off_agg:0.164sec:0.1394MB:0.85MB/s
utils.pbp_functions:2022-11-21 21:43:06,634:pbp_functions.py:player_rush_agg:0.9081sec:0.0695MB:0.0765MB/s
utils.pbp_functions:2022-11-21 21:43:07,017:pbp_functions.py:player_rec_agg:0.3364sec:0.1021MB:0.3035MB/s
utils.pbp_functions:2022-11-21 21:43:18,176:pbp_functions.py:snap_counter:7.6123sec:885.8531MB:116.3713MB/s
utils.pbp_functions:2022-11-21 21:46:53,025:pbp_functions.py:participation_expander:3.8048sec:723.9449MB:190.2715MB/s
utils.pbp_functions:2022-11-21 21:46:57,771:pbp_functions.py:misc_enrich:1.5132sec:739.2667MB:488.5453MB/s
utils.pbp_functions:2022-11-21 21:47:00,872:pbp_functions.py:fantasy_rec_enrich:0.0261sec:740.8112MB:28383.5709MB/s
utils.pbp_functions:2022-11-21 21:47:04,130:pbp_functions.py:fantasy_rush_enrich:0.0334sec:742.6647MB:22235.4701MB/s
utils.pbp_functions:2022-11-21 21:47:06,939:pbp_functions.py:fantasy_pass_enrich:0.0249sec:744.5182MB:29900.3293MB/s
utils.pbp_functions:2022-11-21 21:47:12,970:pbp_functions.py:fantasy_player_off_agg:0.1063sec:0.1394MB:1.3114MB/s
utils.pbp_functions:2022-11-21 21:47:14,100:pbp_functions.py:player_rush_agg:1.1244sec:0.0695MB:0.0618MB/s
utils.pbp_functions:2022-11-21 21:47:14,516:pbp_functions.py:player_rec_agg:0.3516sec:0.1021MB:0.2904MB/s
utils.pbp_functions:2022-11-21 21:47:24,066:pbp_functions.py:snap_counter:5.545sec:885.8531MB:159.7571MB/s
utils.pbp_functions:2022-11-21 21:54:48,866:pbp_functions.py:participation_expander:4.2034sec:723.9449MB:172.2284MB/s
utils.pbp_functions:2022-11-21 21:54:53,783:pbp_functions.py:misc_enrich:1.5611sec:739.2667MB:473.555MB/s
utils.pbp_functions:2022-11-21 21:54:56,692:pbp_functions.py:fantasy_rec_enrich:0.0357sec:740.8112MB:20751.014MB/s
utils.pbp_functions:2022-11-21 21:55:00,125:pbp_functions.py:fantasy_rush_enrich:0.0205sec:742.6647MB:36227.5463MB/s
utils.pbp_functions:2022-11-21 21:55:04,409:pbp_functions.py:fantasy_pass_enrich:0.053sec:744.5182MB:14047.5132MB/s
utils.pbp_functions:2022-11-21 21:55:11,628:pbp_functions.py:fantasy_player_off_agg:0.565sec:10.7827MB:19.0844MB/s
utils.pbp_functions:2022-11-21 21:55:12,499:pbp_functions.py:player_rush_agg:0.8567sec:3.0476MB:3.5574MB/s
utils.pbp_functions:2022-11-21 21:55:13,389:pbp_functions.py:player_rec_agg:0.7092sec:5.5585MB:7.8377MB/s
utils.pbp_functions:2022-11-21 21:56:14,426:pbp_functions.py:snap_counter:58.1049sec:885.8531MB:15.2458MB/s
utils.pbp_functions:2022-11-22 09:07:18,370:pbp_functions.py:participation_expander:4.0872sec:725.5327MB:177.5134MB/s
utils.pbp_functions:2022-11-22 09:07:23,531:pbp_functions.py:misc_enrich:1.6142sec:740.8879MB:458.9815MB/s
utils.pbp_functions:2022-11-22 09:07:26,552:pbp_functions.py:fantasy_rec_enrich:0.0376sec:742.4358MB:19745.633MB/s
utils.pbp_functions:2022-11-22 09:07:29,797:pbp_functions.py:fantasy_rush_enrich:0.035sec:744.2933MB:21265.5229MB/s
utils.pbp_functions:2022-11-22 09:07:32,699:pbp_functions.py:fantasy_pass_enrich:0.025sec:746.1508MB:29846.032MB/s
utils.pbp_functions:2022-11-22 09:07:39,654:pbp_functions.py:fantasy_player_off_agg:0.4193sec:1.6339MB:3.8967MB/s
utils.pbp_functions:2022-11-22 09:07:40,529:pbp_functions.py:player_rush_agg:0.8656sec:0.5822MB:0.6726MB/s
utils.pbp_functions:2022-11-22 09:07:40,989:pbp_functions.py:player_rec_agg:0.3956sec:1.2315MB:3.113MB/s
utils.pbp_functions:2022-11-22 09:07:54,690:pbp_functions.py:snap_counter:11.1718sec:887.9059MB:79.4774MB/s
utils.pbp_functions:2022-11-22 09:30:54,708:pbp_functions.py:participation_expander:4.6174sec:725.5327MB:157.1301MB/s
utils.pbp_functions:2022-11-22 09:30:59,655:pbp_functions.py:misc_enrich:1.6703sec:740.8879MB:443.5658MB/s
utils.pbp_functions:2022-11-22 09:31:02,693:pbp_functions.py:fantasy_rec_enrich:0.0343sec:742.4358MB:21645.3586MB/s
utils.pbp_functions:2022-11-22 09:31:05,424:pbp_functions.py:fantasy_rush_enrich:0.0221sec:744.2933MB:33678.4299MB/s
utils.pbp_functions:2022-11-22 09:31:08,524:pbp_functions.py:fantasy_pass_enrich:0.0351sec:746.1508MB:21257.8575MB/s
utils.pbp_functions:2022-11-22 09:58:07,115:pbp_functions.py:participation_expander:4.5096sec:725.5327MB:160.8863MB/s
utils.pbp_functions:2022-11-22 09:58:13,177:pbp_functions.py:misc_enrich:2.0636sec:740.8879MB:359.0269MB/s
utils.pbp_functions:2022-11-22 09:58:16,897:pbp_functions.py:fantasy_rec_enrich:0.039sec:742.4358MB:19036.8154MB/s
utils.pbp_functions:2022-11-22 09:58:21,515:pbp_functions.py:fantasy_rush_enrich:0.0293sec:744.2933MB:25402.5017MB/s
utils.pbp_functions:2022-11-22 09:58:25,474:pbp_functions.py:fantasy_pass_enrich:0.0329sec:746.1508MB:22679.3556MB/s
utils.pbp_functions:2022-11-22 10:00:23,686:pbp_functions.py:participation_expander:4.0738sec:725.5327MB:178.0973MB/s
utils.pbp_functions:2022-11-22 10:00:28,605:pbp_functions.py:misc_enrich:1.5098sec:740.8879MB:490.7192MB/s
utils.pbp_functions:2022-11-22 10:00:31,680:pbp_functions.py:fantasy_rec_enrich:0.0361sec:742.4358MB:20566.0886MB/s
utils.pbp_functions:2022-11-22 10:00:34,964:pbp_functions.py:fantasy_rush_enrich:0.0179sec:744.2933MB:41580.6313MB/s
utils.pbp_functions:2022-11-22 10:00:38,392:pbp_functions.py:fantasy_pass_enrich:0.0356sec:746.1508MB:20959.2921MB/s
utils.pbp_functions:2022-11-22 10:00:45,187:pbp_functions.py:fantasy_player_off_agg:0.2942sec:1.6339MB:5.5537MB/s
utils.pbp_functions:2022-11-22 10:00:46,073:pbp_functions.py:player_rush_agg:0.8804sec:0.5822MB:0.6613MB/s
utils.pbp_functions:2022-11-22 10:00:46,520:pbp_functions.py:player_rec_agg:0.3798sec:1.2315MB:3.2425MB/s
utils.pbp_functions:2022-11-22 10:00:59,999:pbp_functions.py:snap_counter:10.6986sec:887.9059MB:82.9927MB/s
utils.pbp_functions:2022-11-22 10:16:33,937:pbp_functions.py:participation_expander:4.4445sec:725.5327MB:163.2428MB/s
utils.pbp_functions:2022-11-22 10:16:38,821:pbp_functions.py:misc_enrich:1.5892sec:740.8879MB:466.2018MB/s
utils.pbp_functions:2022-11-22 10:16:42,151:pbp_functions.py:fantasy_rec_enrich:0.0385sec:742.4358MB:19284.0468MB/s
utils.pbp_functions:2022-11-22 10:16:45,295:pbp_functions.py:fantasy_rush_enrich:0.0331sec:744.2933MB:22486.2024MB/s
utils.pbp_functions:2022-11-22 10:16:48,703:pbp_functions.py:fantasy_pass_enrich:0.0253sec:746.1508MB:29492.1265MB/s
utils.pbp_functions:2022-11-22 10:16:55,643:pbp_functions.py:fantasy_player_off_agg:0.2908sec:1.6339MB:5.6186MB/s
utils.pbp_functions:2022-11-22 10:16:56,487:pbp_functions.py:player_rush_agg:0.8402sec:0.5822MB:0.6929MB/s
utils.pbp_functions:2022-11-22 10:16:56,956:pbp_functions.py:player_rec_agg:0.4022sec:1.2315MB:3.0619MB/s
utils.pbp_functions:2022-11-22 10:17:11,323:pbp_functions.py:snap_counter:11.4422sec:887.9059MB:77.5992MB/s
utils.pbp_functions:2022-11-22 15:00:32,046:pbp_functions.py:participation_expander:2.3874sec:725.5327MB:303.9008MB/s
utils.pbp_functions:2022-11-22 15:00:34,808:pbp_functions.py:misc_enrich:0.9355sec:740.8879MB:791.97MB/s
utils.pbp_functions:2022-11-22 15:00:36,556:pbp_functions.py:fantasy_rec_enrich:0.0228sec:742.7454MB:32576.5526MB/s
utils.pbp_functions:2022-11-22 15:00:38,310:pbp_functions.py:fantasy_rush_enrich:0.023sec:744.6029MB:32374.0391MB/s
utils.pbp_functions:2022-11-22 15:00:40,077:pbp_functions.py:fantasy_pass_enrich:0.022sec:746.77MB:33944.0909MB/s
utils.pbp_functions:2022-11-22 15:00:44,233:pbp_functions.py:fantasy_player_off_agg:0.1157sec:1.6339MB:14.1219MB/s
utils.pbp_functions:2022-11-22 15:00:44,714:pbp_functions.py:player_rush_agg:0.4797sec:0.5822MB:1.2137MB/s
utils.pbp_functions:2022-11-22 15:00:44,988:pbp_functions.py:player_rec_agg:0.2383sec:1.2315MB:5.1679MB/s
utils.pbp_functions:2022-11-22 15:00:52,766:pbp_functions.py:snap_counter:6.2111sec:887.9059MB:142.9547MB/s
utils.pbp_functions:2022-11-22 15:07:07,938:pbp_functions.py:participation_expander:3.0897sec:725.5327MB:234.823MB/s
utils.pbp_functions:2022-11-22 15:07:10,881:pbp_functions.py:misc_enrich:0.9534sec:740.8879MB:777.1008MB/s
utils.pbp_functions:2022-11-22 15:07:12,814:pbp_functions.py:fantasy_rec_enrich:0.024sec:742.7454MB:30947.725MB/s
utils.pbp_functions:2022-11-22 15:07:14,814:pbp_functions.py:fantasy_rush_enrich:0.0279sec:744.6029MB:26688.276MB/s
utils.pbp_functions:2022-11-22 15:07:16,713:pbp_functions.py:fantasy_pass_enrich:0.025sec:746.77MB:29870.8MB/s
utils.pbp_functions:2022-11-22 15:37:51,745:pbp_functions.py:participation_expander:2.2342sec:725.5327MB:324.7394MB/s
utils.pbp_functions:2022-11-22 15:37:54,505:pbp_functions.py:misc_enrich:0.9126sec:740.8879MB:811.843MB/s
utils.pbp_functions:2022-11-22 15:37:56,276:pbp_functions.py:fantasy_rec_enrich:0.0229sec:743.055MB:32447.8166MB/s
utils.pbp_functions:2022-11-22 15:37:58,040:pbp_functions.py:fantasy_rush_enrich:0.0239sec:744.9125MB:31167.887MB/s
utils.pbp_functions:2022-11-22 15:37:59,796:pbp_functions.py:fantasy_pass_enrich:0.0209sec:747.0796MB:35745.4354MB/s
utils.pbp_functions:2022-11-22 15:38:29,758:pbp_functions.py:participation_expander:2.9687sec:725.5327MB:244.3941MB/s
utils.pbp_functions:2022-11-22 15:38:32,946:pbp_functions.py:misc_enrich:1.0113sec:740.8879MB:732.6094MB/s
utils.pbp_functions:2022-11-22 15:38:34,768:pbp_functions.py:fantasy_rec_enrich:0.0229sec:743.055MB:32447.8166MB/s
utils.pbp_functions:2022-11-22 15:38:36,601:pbp_functions.py:fantasy_rush_enrich:0.0229sec:744.9125MB:32528.9301MB/s
utils.pbp_functions:2022-11-22 15:38:38,306:pbp_functions.py:fantasy_pass_enrich:0.02sec:747.0796MB:37353.98MB/s
utils.pbp_functions:2022-11-22 15:38:42,455:pbp_functions.py:fantasy_player_off_agg:0.1366sec:1.6339MB:11.9612MB/s
utils.pbp_functions:2022-11-22 15:38:43,155:pbp_functions.py:player_rush_agg:0.6951sec:0.5822MB:0.8376MB/s
utils.pbp_functions:2022-11-22 15:38:43,504:pbp_functions.py:player_rec_agg:0.2972sec:1.2315MB:4.1437MB/s
utils.pbp_functions:2022-11-22 15:38:52,296:pbp_functions.py:snap_counter:7.1452sec:887.9059MB:124.2661MB/s
utils.pbp_functions:2022-11-22 16:03:16,287:pbp_functions.py:participation_expander:2.3514sec:725.5327MB:308.5535MB/s
utils.pbp_functions:2022-11-22 16:03:19,068:pbp_functions.py:misc_enrich:0.9235sec:743.7781MB:805.3905MB/s
utils.pbp_functions:2022-11-22 16:03:20,818:pbp_functions.py:fantasy_rec_enrich:0.0229sec:745.9451MB:32574.0218MB/s
utils.pbp_functions:2022-11-22 16:03:22,539:pbp_functions.py:fantasy_rush_enrich:0.0229sec:747.8026MB:32655.1354MB/s
utils.pbp_functions:2022-11-22 16:03:24,284:pbp_functions.py:fantasy_pass_enrich:0.0219sec:749.9697MB:34245.1918MB/s
utils.pbp_functions:2022-11-22 16:03:28,273:pbp_functions.py:fantasy_player_off_agg:0.1167sec:1.6339MB:14.0009MB/s
utils.pbp_functions:2022-11-22 16:06:09,999:pbp_functions.py:participation_expander:2.2254sec:725.5327MB:326.0235MB/s
utils.pbp_functions:2022-11-22 16:06:12,827:pbp_functions.py:misc_enrich:0.9175sec:743.7781MB:810.6573MB/s
utils.pbp_functions:2022-11-22 16:06:14,720:pbp_functions.py:fantasy_rec_enrich:0.0229sec:745.9451MB:32574.0218MB/s
utils.pbp_functions:2022-11-22 16:06:16,449:pbp_functions.py:fantasy_rush_enrich:0.0219sec:747.8026MB:34146.2374MB/s
utils.pbp_functions:2022-11-22 16:06:18,194:pbp_functions.py:fantasy_pass_enrich:0.023sec:749.9697MB:32607.3783MB/s
utils.pbp_functions:2022-11-22 16:06:21,957:pbp_functions.py:fantasy_player_off_agg:0.1117sec:1.6339MB:14.6276MB/s
utils.pbp_functions:2022-11-22 16:06:22,440:pbp_functions.py:player_rush_agg:0.4801sec:0.6232MB:1.2981MB/s
utils.pbp_functions:2022-11-22 16:06:22,715:pbp_functions.py:player_rec_agg:0.2404sec:1.2315MB:5.1227MB/s
utils.pbp_functions:2022-11-22 16:06:30,535:pbp_functions.py:snap_counter:6.2212sec:887.9059MB:142.7226MB/s
utils.pbp_functions:2022-11-22 16:10:06,748:pbp_functions.py:participation_expander:2.2557sec:725.5327MB:321.6441MB/s
utils.pbp_functions:2022-11-22 16:10:09,505:pbp_functions.py:misc_enrich:0.9195sec:743.7781MB:808.8941MB/s
utils.pbp_functions:2022-11-22 16:10:11,275:pbp_functions.py:fantasy_rec_enrich:0.0209sec:745.9451MB:35691.1531MB/s
utils.pbp_functions:2022-11-22 16:10:13,059:pbp_functions.py:fantasy_rush_enrich:0.024sec:747.8026MB:31158.4417MB/s
utils.pbp_functions:2022-11-22 16:10:14,919:pbp_functions.py:fantasy_pass_enrich:0.0209sec:749.9697MB:35883.7177MB/s
utils.pbp_functions:2022-11-22 16:10:45,078:pbp_functions.py:participation_expander:2.2837sec:725.5327MB:317.7005MB/s
utils.pbp_functions:2022-11-22 16:10:48,413:pbp_functions.py:misc_enrich:0.9255sec:743.7781MB:803.65MB/s
utils.pbp_functions:2022-11-22 16:10:50,235:pbp_functions.py:fantasy_rec_enrich:0.0219sec:745.9451MB:34061.4201MB/s
utils.pbp_functions:2022-11-22 16:10:52,173:pbp_functions.py:fantasy_rush_enrich:0.0239sec:747.8026MB:31288.8117MB/s
utils.pbp_functions:2022-11-22 16:10:54,054:pbp_functions.py:fantasy_pass_enrich:0.0239sec:749.9697MB:31379.4854MB/s
utils.pbp_functions:2022-11-22 16:10:58,206:pbp_functions.py:fantasy_player_off_agg:0.1227sec:1.6339MB:13.3162MB/s
utils.pbp_functions:2022-11-22 16:10:58,692:pbp_functions.py:player_rush_agg:0.4834sec:0.6232MB:1.2892MB/s
utils.pbp_functions:2022-11-22 16:10:58,978:pbp_functions.py:player_rec_agg:0.2483sec:1.2315MB:4.9597MB/s
utils.pbp_functions:2022-11-22 16:11:06,895:pbp_functions.py:snap_counter:6.3193sec:887.9059MB:140.507MB/s
utils.pbp_functions:2022-11-22 16:15:06,536:pbp_functions.py:player_rush_agg:0.1248sec:0.0702MB:0.5625MB/s
utils.pbp_functions:2022-11-22 16:15:17,325:pbp_functions.py:player_rush_agg:0.1955sec:0.0702MB:0.3591MB/s
utils.pbp_functions:2022-11-22 16:15:57,836:pbp_functions.py:player_rush_agg:0.1396sec:0.6232MB:4.4642MB/s
utils.pbp_functions:2022-11-22 16:18:13,307:pbp_functions.py:participation_expander:2.3523sec:725.5327MB:308.4354MB/s
utils.pbp_functions:2022-11-22 16:18:16,231:pbp_functions.py:misc_enrich:0.9236sec:743.7781MB:805.3033MB/s
utils.pbp_functions:2022-11-22 16:18:18,018:pbp_functions.py:fantasy_rec_enrich:0.021sec:745.9451MB:35521.1952MB/s
utils.pbp_functions:2022-11-22 16:18:19,800:pbp_functions.py:fantasy_rush_enrich:0.0239sec:747.8026MB:31288.8117MB/s
utils.pbp_functions:2022-11-22 16:18:21,553:pbp_functions.py:fantasy_pass_enrich:0.0229sec:749.9697MB:32749.7686MB/s
utils.pbp_functions:2022-11-22 16:18:25,391:pbp_functions.py:fantasy_player_off_agg:0.1117sec:1.6339MB:14.6276MB/s
utils.pbp_functions:2022-11-22 16:18:25,866:pbp_functions.py:player_rush_agg:0.4732sec:0.6232MB:1.317MB/s
utils.pbp_functions:2022-11-22 16:18:26,131:pbp_functions.py:player_rec_agg:0.2303sec:1.2315MB:5.3474MB/s
utils.pbp_functions:2022-11-22 16:18:33,942:pbp_functions.py:snap_counter:6.2094sec:887.9059MB:142.9938MB/s
utils.pbp_functions:2022-11-22 16:22:47,833:pbp_functions.py:participation_expander:2.4486sec:725.5327MB:296.3051MB/s
utils.pbp_functions:2022-11-22 16:22:50,648:pbp_functions.py:misc_enrich:0.9056sec:743.7781MB:821.3097MB/s
utils.pbp_functions:2022-11-22 16:22:52,473:pbp_functions.py:fantasy_rec_enrich:0.0219sec:745.9451MB:34061.4201MB/s
utils.pbp_functions:2022-11-22 16:22:54,416:pbp_functions.py:fantasy_rush_enrich:0.0588sec:747.8026MB:12717.7313MB/s
utils.pbp_functions:2022-11-22 16:22:56,273:pbp_functions.py:fantasy_pass_enrich:0.0279sec:749.9697MB:26880.6344MB/s
utils.pbp_functions:2022-11-22 16:27:05,198:pbp_functions.py:participation_expander:2.2159sec:725.5327MB:327.4212MB/s
utils.pbp_functions:2022-11-22 16:27:07,933:pbp_functions.py:misc_enrich:0.9218sec:743.7781MB:806.8758MB/s
utils.pbp_functions:2022-11-22 16:27:09,659:pbp_functions.py:fantasy_rec_enrich:0.0199sec:745.9451MB:37484.6784MB/s
utils.pbp_functions:2022-11-22 16:27:11,435:pbp_functions.py:fantasy_rush_enrich:0.025sec:747.8026MB:29912.104MB/s
utils.pbp_functions:2022-11-22 16:27:13,188:pbp_functions.py:fantasy_pass_enrich:0.0259sec:749.9697MB:28956.3591MB/s
utils.pbp_functions:2022-11-22 16:27:17,148:pbp_functions.py:fantasy_player_off_agg:0.1077sec:1.6339MB:15.1708MB/s
utils.pbp_functions:2022-11-22 16:27:17,624:pbp_functions.py:player_rush_agg:0.4746sec:0.6232MB:1.3131MB/s
utils.pbp_functions:2022-11-22 16:27:17,891:pbp_functions.py:player_rec_agg:0.2313sec:1.2315MB:5.3243MB/s
utils.pbp_functions:2022-11-22 16:27:25,619:pbp_functions.py:snap_counter:6.153sec:887.9059MB:144.3046MB/s
utils.pbp_functions:2022-11-22 16:31:45,484:pbp_functions.py:participation_expander:2.3396sec:725.5327MB:310.1097MB/s
utils.pbp_functions:2022-11-22 16:31:48,591:pbp_functions.py:misc_enrich:0.9392sec:743.7781MB:791.9273MB/s
utils.pbp_functions:2022-11-22 16:31:50,429:pbp_functions.py:fantasy_rec_enrich:0.0209sec:745.9451MB:35691.1531MB/s
utils.pbp_functions:2022-11-22 16:31:52,271:pbp_functions.py:fantasy_rush_enrich:0.0229sec:747.8026MB:32655.1354MB/s
utils.pbp_functions:2022-11-22 16:31:54,138:pbp_functions.py:fantasy_pass_enrich:0.0229sec:749.9697MB:32749.7686MB/s
utils.pbp_functions:2022-11-22 16:37:02,208:pbp_functions.py:participation_expander:2.2603sec:725.5327MB:320.9896MB/s
utils.pbp_functions:2022-11-22 16:37:05,003:pbp_functions.py:misc_enrich:0.8847sec:743.7781MB:840.7122MB/s
utils.pbp_functions:2022-11-22 16:37:06,774:pbp_functions.py:fantasy_rec_enrich:0.0249sec:745.9451MB:29957.6345MB/s
utils.pbp_functions:2022-11-22 16:37:08,542:pbp_functions.py:fantasy_rush_enrich:0.0259sec:747.8026MB:28872.6873MB/s
utils.pbp_functions:2022-11-22 16:37:10,307:pbp_functions.py:fantasy_pass_enrich:0.0229sec:749.9697MB:32749.7686MB/s
utils.pbp_functions:2022-11-22 16:37:14,282:pbp_functions.py:fantasy_player_off_agg:0.1266sec:1.6339MB:12.906MB/s
utils.pbp_functions:2022-11-22 16:37:14,781:pbp_functions.py:player_rush_agg:0.4977sec:0.6232MB:1.2522MB/s
utils.pbp_functions:2022-11-22 16:37:15,048:pbp_functions.py:player_rec_agg:0.2324sec:1.2315MB:5.2991MB/s
utils.pbp_functions:2022-11-22 16:37:22,815:pbp_functions.py:snap_counter:6.201sec:887.9059MB:143.1875MB/s
utils.pbp_functions:2022-11-22 18:22:51,895:pbp_functions.py:participation_expander:2.315sec:725.5327MB:313.4051MB/s
utils.pbp_functions:2022-11-22 18:22:54,892:pbp_functions.py:misc_enrich:1.0035sec:743.7781MB:741.184MB/s
utils.pbp_functions:2022-11-22 18:22:56,831:pbp_functions.py:fantasy_rec_enrich:0.024sec:745.9451MB:31081.0458MB/s
utils.pbp_functions:2022-11-22 18:22:58,729:pbp_functions.py:fantasy_rush_enrich:0.0259sec:747.8026MB:28872.6873MB/s
utils.pbp_functions:2022-11-22 18:23:00,655:pbp_functions.py:fantasy_pass_enrich:0.0229sec:749.9697MB:32749.7686MB/s
utils.pbp_functions:2022-11-22 18:55:01,240:pbp_functions.py:participation_expander:2.2368sec:725.5327MB:324.3619MB/s
utils.pbp_functions:2022-11-22 18:55:04,627:pbp_functions.py:misc_enrich:1.3525sec:743.7781MB:549.9284MB/s
utils.pbp_functions:2022-11-22 18:55:06,488:pbp_functions.py:fantasy_rec_enrich:0.0249sec:745.9451MB:29957.6345MB/s
utils.pbp_functions:2022-11-22 18:55:08,349:pbp_functions.py:fantasy_rush_enrich:0.0259sec:747.8026MB:28872.6873MB/s
utils.pbp_functions:2022-11-22 18:55:10,144:pbp_functions.py:fantasy_pass_enrich:0.0229sec:749.9697MB:32749.7686MB/s
utils.pbp_functions:2022-11-22 18:59:48,391:pbp_functions.py:participation_expander:4.3837sec:725.5327MB:165.5069MB/s
utils.pbp_functions:2022-11-22 18:59:52,649:pbp_functions.py:misc_enrich:0.9545sec:743.7781MB:779.2332MB/s
utils.pbp_functions:2022-11-22 18:59:54,895:pbp_functions.py:fantasy_rec_enrich:0.03sec:745.9451MB:24864.8367MB/s
utils.pbp_functions:2022-11-22 18:59:56,771:pbp_functions.py:fantasy_rush_enrich:0.0239sec:747.8026MB:31288.8117MB/s
utils.pbp_functions:2022-11-22 18:59:58,794:pbp_functions.py:fantasy_pass_enrich:0.0239sec:749.9697MB:31379.4854MB/s
utils.pbp_functions:2022-11-22 19:00:03,127:pbp_functions.py:fantasy_player_off_agg:0.281sec:10.8075MB:38.4609MB/s
utils.pbp_functions:2022-11-22 19:00:03,641:pbp_functions.py:player_rush_agg:0.5086sec:3.3141MB:6.5161MB/s
utils.pbp_functions:2022-11-22 19:00:04,041:pbp_functions.py:player_rec_agg:0.3236sec:5.5709MB:17.2154MB/s
utils.pbp_functions:2022-11-22 19:00:34,091:pbp_functions.py:snap_counter:28.3833sec:887.9059MB:31.2827MB/s
utils.pbp_functions:2022-11-22 19:31:30,137:pbp_functions.py:participation_expander:3.1278sec:725.5327MB:231.9626MB/s
utils.pbp_functions:2022-11-22 19:31:33,320:pbp_functions.py:misc_enrich:0.9704sec:743.7781MB:766.4655MB/s
utils.pbp_functions:2022-11-22 19:31:35,826:pbp_functions.py:fantasy_rec_enrich:0.0279sec:745.9451MB:26736.3835MB/s
utils.pbp_functions:2022-11-22 19:31:37,893:pbp_functions.py:fantasy_rush_enrich:0.0309sec:747.8026MB:24200.7314MB/s
utils.pbp_functions:2022-11-22 19:31:39,619:pbp_functions.py:fantasy_pass_enrich:0.0219sec:749.9697MB:34245.1918MB/s
utils.pbp_functions:2022-11-22 19:31:44,514:pbp_functions.py:fantasy_player_off_agg:0.5186sec:10.8075MB:20.8398MB/s
utils.pbp_functions:2022-11-22 19:31:45,158:pbp_functions.py:player_rush_agg:0.6373sec:3.3141MB:5.2002MB/s
utils.pbp_functions:2022-11-22 19:31:45,674:pbp_functions.py:player_rec_agg:0.4299sec:5.5709MB:12.9586MB/s
utils.pbp_functions:2022-11-22 19:32:21,676:pbp_functions.py:snap_counter:34.1535sec:993.6008MB:29.0922MB/s
utils.pbp_functions:2022-11-22 19:47:34,882:pbp_functions.py:participation_expander:3.9025sec:725.5327MB:185.9148MB/s
utils.pbp_functions:2022-11-22 19:47:38,323:pbp_functions.py:misc_enrich:1.0074sec:743.7781MB:738.3146MB/s
utils.pbp_functions:2022-11-22 19:47:40,323:pbp_functions.py:fantasy_rec_enrich:0.0269sec:745.9451MB:27730.3011MB/s
utils.pbp_functions:2022-11-22 19:47:42,272:pbp_functions.py:fantasy_rush_enrich:0.0279sec:747.8026MB:26802.9606MB/s
utils.pbp_functions:2022-11-22 19:47:44,252:pbp_functions.py:fantasy_pass_enrich:0.0239sec:749.9697MB:31379.4854MB/s
utils.pbp_functions:2022-11-22 19:47:49,271:pbp_functions.py:fantasy_player_off_agg:0.2842sec:10.8075MB:38.0278MB/s
utils.pbp_functions:2022-11-22 19:47:49,815:pbp_functions.py:player_rush_agg:0.5342sec:3.3141MB:6.2039MB/s
utils.pbp_functions:2022-11-22 19:47:50,246:pbp_functions.py:player_rec_agg:0.3441sec:5.5709MB:16.1898MB/s
utils.pbp_functions:2022-11-22 19:48:30,007:pbp_functions.py:snap_counter:37.5033sec:993.6008MB:26.4937MB/s
utils.pbp_functions:2022-11-22 19:48:31,986:pbp_functions.py:off_agg_enrich:1.1015sec:161.5085MB:146.626MB/s
utils.pbp_functions:2022-11-22 20:05:44,965:pbp_functions.py:participation_expander:2.295sec:725.5327MB:316.1363MB/s
utils.pbp_functions:2022-11-22 20:05:47,802:pbp_functions.py:misc_enrich:0.922sec:743.7781MB:806.7008MB/s
utils.pbp_functions:2022-11-22 20:05:49,637:pbp_functions.py:fantasy_rec_enrich:0.025sec:745.9451MB:29837.804MB/s
utils.pbp_functions:2022-11-22 20:05:51,467:pbp_functions.py:fantasy_rush_enrich:0.0249sec:747.8026MB:30032.2329MB/s
utils.pbp_functions:2022-11-22 20:05:53,312:pbp_functions.py:fantasy_pass_enrich:0.024sec:749.9697MB:31248.7375MB/s
utils.pbp_functions:2022-11-22 20:05:57,524:pbp_functions.py:fantasy_player_off_agg:0.2842sec:10.8075MB:38.0278MB/s
utils.pbp_functions:2022-11-22 20:05:58,080:pbp_functions.py:player_rush_agg:0.5466sec:3.3141MB:6.0631MB/s
utils.pbp_functions:2022-11-22 20:05:58,497:pbp_functions.py:player_rec_agg:0.3381sec:5.5709MB:16.4771MB/s
utils.pbp_functions:2022-11-22 20:06:30,666:pbp_functions.py:snap_counter:30.3549sec:993.6008MB:32.7328MB/s
utils.pbp_functions:2022-11-22 20:06:32,224:pbp_functions.py:off_agg_enrich:0.8587sec:161.5085MB:188.0849MB/s
utils.pbp_functions:2022-11-22 20:08:37,698:pbp_functions.py:participation_expander:2.3452sec:725.5327MB:309.3692MB/s
utils.pbp_functions:2022-11-22 20:08:40,505:pbp_functions.py:misc_enrich:0.9235sec:743.7781MB:805.3905MB/s
utils.pbp_functions:2022-11-22 20:08:42,300:pbp_functions.py:fantasy_rec_enrich:0.025sec:745.9451MB:29837.804MB/s
utils.pbp_functions:2022-11-22 20:08:44,135:pbp_functions.py:fantasy_rush_enrich:0.025sec:747.8026MB:29912.104MB/s
utils.pbp_functions:2022-11-22 20:08:45,989:pbp_functions.py:fantasy_pass_enrich:0.023sec:749.9697MB:32607.3783MB/s
utils.pbp_functions:2022-11-22 20:08:50,006:pbp_functions.py:fantasy_player_off_agg:0.2892sec:10.8075MB:37.3703MB/s
utils.pbp_functions:2022-11-22 20:08:50,530:pbp_functions.py:player_rush_agg:0.5186sec:3.3141MB:6.3905MB/s
utils.pbp_functions:2022-11-22 20:08:50,955:pbp_functions.py:player_rec_agg:0.345sec:5.5709MB:16.1475MB/s
utils.pbp_functions:2022-11-22 20:09:24,967:pbp_functions.py:snap_counter:32.2216sec:993.6008MB:30.8365MB/s
utils.pbp_functions:2022-11-22 20:09:26,537:pbp_functions.py:off_agg_enrich:0.8787sec:161.5085MB:183.8039MB/s
utils.pbp_functions:2022-11-22 20:31:04,404:pbp_functions.py:participation_expander:2.7487sec:725.5327MB:263.9549MB/s
utils.pbp_functions:2022-11-22 20:31:07,394:pbp_functions.py:misc_enrich:1.0103sec:743.7781MB:736.1953MB/s
utils.pbp_functions:2022-11-22 20:31:09,256:pbp_functions.py:fantasy_rec_enrich:0.0229sec:745.9451MB:32574.0218MB/s
utils.pbp_functions:2022-11-22 20:31:11,074:pbp_functions.py:fantasy_rush_enrich:0.0279sec:747.8026MB:26802.9606MB/s
utils.pbp_functions:2022-11-22 20:31:12,912:pbp_functions.py:fantasy_pass_enrich:0.0219sec:749.9697MB:34245.1918MB/s
utils.pbp_functions:2022-11-22 20:38:54,782:pbp_functions.py:participation_expander:2.6829sec:725.5327MB:270.4285MB/s
utils.pbp_functions:2022-11-22 20:38:58,141:pbp_functions.py:misc_enrich:1.0701sec:743.7781MB:695.0548MB/s
utils.pbp_functions:2022-11-22 20:39:00,701:pbp_functions.py:fantasy_rec_enrich:0.0369sec:745.9451MB:20215.3144MB/s
utils.pbp_functions:2022-11-22 20:39:03,456:pbp_functions.py:fantasy_rush_enrich:0.0419sec:747.8026MB:17847.3174MB/s
utils.pbp_functions:2022-11-22 20:39:06,289:pbp_functions.py:fantasy_pass_enrich:0.0259sec:749.9697MB:28956.3591MB/s
utils.pbp_functions:2022-11-22 20:39:11,079:pbp_functions.py:fantasy_player_off_agg:0.0878sec:0.1395MB:1.5888MB/s
utils.pbp_functions:2022-11-22 20:39:11,787:pbp_functions.py:player_rush_agg:0.7011sec:0.0702MB:0.1001MB/s
utils.pbp_functions:2022-11-22 20:39:12,145:pbp_functions.py:player_rec_agg:0.2683sec:0.1022MB:0.3809MB/s
utils.pbp_functions:2022-11-22 20:39:19,830:pbp_functions.py:snap_counter:5.1962sec:993.6008MB:191.2168MB/s
utils.pbp_functions:2022-11-22 20:39:20,184:pbp_functions.py:off_agg_enrich:0.0648sec:2.2718MB:35.0586MB/s
